[2015-12-05 18:20] [PACMAN] Running 'pacman -r work/x86_64/airootfs -Sy --noconfirm --config=work/pacman.conf base syslinux'
[2015-12-05 18:20] [PACMAN] synchronizing package lists
[2015-12-05 18:20] [ALPM] transaction started
[2015-12-05 18:20] [ALPM] installed linux-api-headers (4.1.4-1)
[2015-12-05 18:20] [ALPM] installed tzdata (2015g-1)
[2015-12-05 18:20] [ALPM] installed iana-etc (20151016-1)
[2015-12-05 18:20] [ALPM] installed filesystem (2015.09-1)
[2015-12-05 18:20] [ALPM] installed glibc (2.22-3)
[2015-12-05 18:20] [ALPM] installed gcc-libs (5.2.0-2)
[2015-12-05 18:20] [ALPM] installed ncurses (6.0-3)
[2015-12-05 18:20] [ALPM] installed readline (6.3.008-3)
[2015-12-05 18:20] [ALPM] installed bash (4.3.042-4)
[2015-12-05 18:20] [ALPM] installed bzip2 (1.0.6-5)
[2015-12-05 18:20] [ALPM] installed attr (2.4.47-1)
[2015-12-05 18:20] [ALPM] installed acl (2.2.52-2)
[2015-12-05 18:20] [ALPM] installed gmp (6.1.0-1)
[2015-12-05 18:20] [ALPM] installed libcap (2.24-2)
[2015-12-05 18:20] [ALPM] installed zlib (1.2.8-4)
[2015-12-05 18:20] [ALPM] installed gdbm (1.11-1)
[2015-12-05 18:20] [ALPM] installed db (5.3.28-2)
[2015-12-05 18:20] [ALPM] installed perl (5.22.0-1)
[2015-12-05 18:20] [ALPM] installed openssl (1.0.2.e-1)
[2015-12-05 18:20] [ALPM] installed coreutils (8.24-1)
[2015-12-05 18:20] [ALPM] installed libgpg-error (1.20-1)
[2015-12-05 18:20] [ALPM] installed libgcrypt (1.6.4-1)
[2015-12-05 18:20] [ALPM] installed lz4 (131-1)
[2015-12-05 18:20] [ALPM] installed xz (5.2.2-1)
[2015-12-05 18:20] [ALPM] installed libsystemd (228-3)
[2015-12-05 18:20] [ALPM] installed libdbus (1.10.4-1)
[2015-12-05 18:20] [ALPM] installed expat (2.1.0-4)
[2015-12-05 18:20] [ALPM] installed dbus (1.10.4-1)
[2015-12-05 18:20] [ALPM] installed iptables (1.4.21-3)
[2015-12-05 18:20] [ALPM] installed cracklib (2.9.4-1)
[2015-12-05 18:20] [ALPM] installed libutil-linux (2.27.1-1)
[2015-12-05 18:20] [ALPM] installed e2fsprogs (1.42.13-1)
[2015-12-05 18:20] [ALPM] installed libsasl (2.1.26-7)
[2015-12-05 18:20] [ALPM] installed libldap (2.4.42-2)
[2015-12-05 18:20] [ALPM] installed keyutils (1.5.9-1)
[2015-12-05 18:20] [ALPM] installed krb5 (1.13.2-1)
[2015-12-05 18:20] [ALPM] installed libtirpc (1.0.1-2)
[2015-12-05 18:20] [ALPM] installed pambase (20130928-1)
[2015-12-05 18:20] [ALPM] installed pam (1.2.1-3)
[2015-12-05 18:20] [ALPM] installed kbd (2.0.3-1)
[2015-12-05 18:20] [ALPM] installed kmod (22-1)
[2015-12-05 18:20] [ALPM] installed hwids (20150717-1)
[2015-12-05 18:20] [ALPM] installed findutils (4.4.2-6)
[2015-12-05 18:20] [ALPM] installed pcre (8.37-4)
[2015-12-05 18:20] [ALPM] installed less (481-2)
[2015-12-05 18:20] [ALPM] installed gzip (1.6-1)
[2015-12-05 18:20] [ALPM] installed texinfo (6.0-1)
[2015-12-05 18:20] [ALPM] installed libidn (1.32-1)
[2015-12-05 18:20] [ALPM] installed libelf (0.164-1)
[2015-12-05 18:20] [ALPM] installed libseccomp (2.2.3-1)
[2015-12-05 18:20] [ALPM] installed shadow (4.2.1-3)
[2015-12-05 18:21] [ALPM] installed util-linux (2.27.1-1)
[2015-12-05 18:21] [ALPM] installed systemd (228-3)
[2015-12-05 18:21] [ALPM-SCRIPTLET] Initializing machine ID from random generator.
[2015-12-05 18:21] [ALPM-SCRIPTLET] Created symlink from /etc/systemd/system/getty.target.wants/getty@tty1.service to /usr/lib/systemd/system/getty@.service.
[2015-12-05 18:21] [ALPM-SCRIPTLET] Created symlink from /etc/systemd/system/multi-user.target.wants/remote-fs.target to /usr/lib/systemd/system/remote-fs.target.
[2015-12-05 18:21] [ALPM-SCRIPTLET] :: Append 'init=/usr/lib/systemd/systemd' to your kernel command line in your
[2015-12-05 18:21] [ALPM-SCRIPTLET]    bootloader to replace sysvinit with systemd, or install systemd-sysvcompat
[2015-12-05 18:21] [ALPM] installed device-mapper (2.02.136-1)
[2015-12-05 18:21] [ALPM] installed popt (1.16-7)
[2015-12-05 18:21] [ALPM] installed cryptsetup (1.7.0-1)
[2015-12-05 18:21] [ALPM] installed dhcpcd (6.9.4-1)
[2015-12-05 18:21] [ALPM] installed diffutils (3.3-2)
[2015-12-05 18:21] [ALPM] installed file (5.25-1)
[2015-12-05 18:21] [ALPM] installed mpfr (3.1.3.p4-1)
[2015-12-05 18:21] [ALPM] installed gawk (4.1.3-1)
[2015-12-05 18:21] [ALPM] installed libffi (3.2.1-1)
[2015-12-05 18:21] [ALPM] installed glib2 (2.46.2-2)
[2015-12-05 18:21] [ALPM] installed libunistring (0.9.6-1)
[2015-12-05 18:21] [ALPM] installed gettext (0.19.6-1)
[2015-12-05 18:21] [ALPM] installed grep (2.22-1)
[2015-12-05 18:21] [ALPM] installed inetutils (1.9.4-2)
[2015-12-05 18:21] [ALPM] installed iproute2 (4.1.1-1)
[2015-12-05 18:21] [ALPM] installed sysfsutils (2.1.0-9)
[2015-12-05 18:21] [ALPM] installed iputils (20140519.fad11dc-1)
[2015-12-05 18:21] [ALPM] installed jfsutils (1.1.15-4)
[2015-12-05 18:21] [ALPM] installed licenses (20140629-1)
[2015-12-05 18:21] [ALPM] installed linux-firmware (20150904.6ebf5d5-1)
[2015-12-05 18:21] [ALPM] installed mkinitcpio-busybox (1.21.1-2)
[2015-12-05 18:21] [ALPM] installed lzo (2.09-1)
[2015-12-05 18:21] [ALPM] installed libarchive (3.1.2-8)
[2015-12-05 18:21] [ALPM] installed mkinitcpio (18-2)
[2015-12-05 18:21] [ALPM] installed linux (4.2.5-1)
[2015-12-05 18:21] [ALPM-SCRIPTLET] >>> Updating module dependencies. Please wait ...
[2015-12-05 18:21] [ALPM-SCRIPTLET] >>> Generating initial ramdisk, using mkinitcpio. Please wait...
[2015-12-05 18:21] [ALPM-SCRIPTLET] ==> Building image from preset: /etc/mkinitcpio.d/linux.preset: 'default'
[2015-12-05 18:21] [ALPM-SCRIPTLET]   -> -k /boot/vmlinuz-linux -c /etc/mkinitcpio.conf -g /boot/initramfs-linux.img
[2015-12-05 18:21] [ALPM-SCRIPTLET] ==> Starting build: 4.2.5-1-ARCH
[2015-12-05 18:21] [ALPM-SCRIPTLET]   -> Running build hook: [base]
[2015-12-05 18:21] [ALPM-SCRIPTLET]   -> Running build hook: [udev]
[2015-12-05 18:21] [ALPM-SCRIPTLET]   -> Running build hook: [autodetect]
[2015-12-05 18:21] [ALPM-SCRIPTLET]   -> Running build hook: [modconf]
[2015-12-05 18:21] [ALPM-SCRIPTLET]   -> Running build hook: [block]
[2015-12-05 18:21] [ALPM-SCRIPTLET]   -> Running build hook: [filesystems]
[2015-12-05 18:21] [ALPM-SCRIPTLET]   -> Running build hook: [keyboard]
[2015-12-05 18:21] [ALPM-SCRIPTLET]   -> Running build hook: [fsck]
[2015-12-05 18:21] [ALPM-SCRIPTLET] ==> Generating module dependencies
[2015-12-05 18:21] [ALPM-SCRIPTLET] ==> Creating gzip-compressed initcpio image: /boot/initramfs-linux.img
[2015-12-05 18:21] [ALPM-SCRIPTLET] ==> Image generation successful
[2015-12-05 18:21] [ALPM-SCRIPTLET] ==> Building image from preset: /etc/mkinitcpio.d/linux.preset: 'fallback'
[2015-12-05 18:21] [ALPM-SCRIPTLET]   -> -k /boot/vmlinuz-linux -c /etc/mkinitcpio.conf -g /boot/initramfs-linux-fallback.img -S autodetect
[2015-12-05 18:21] [ALPM-SCRIPTLET] ==> Starting build: 4.2.5-1-ARCH
[2015-12-05 18:21] [ALPM-SCRIPTLET]   -> Running build hook: [base]
[2015-12-05 18:21] [ALPM-SCRIPTLET]   -> Running build hook: [udev]
[2015-12-05 18:21] [ALPM-SCRIPTLET]   -> Running build hook: [modconf]
[2015-12-05 18:21] [ALPM-SCRIPTLET]   -> Running build hook: [block]
[2015-12-05 18:21] [ALPM-SCRIPTLET] ==> WARNING: Possibly missing firmware for module: wd719x
[2015-12-05 18:21] [ALPM-SCRIPTLET] ==> WARNING: Possibly missing firmware for module: aic94xx
[2015-12-05 18:21] [ALPM-SCRIPTLET]   -> Running build hook: [filesystems]
[2015-12-05 18:21] [ALPM-SCRIPTLET]   -> Running build hook: [keyboard]
[2015-12-05 18:21] [ALPM-SCRIPTLET]   -> Running build hook: [fsck]
[2015-12-05 18:21] [ALPM-SCRIPTLET] ==> Generating module dependencies
[2015-12-05 18:21] [ALPM-SCRIPTLET] ==> Creating gzip-compressed initcpio image: /boot/initramfs-linux-fallback.img
[2015-12-05 18:21] [ALPM-SCRIPTLET] ==> Image generation successful
[2015-12-05 18:21] [ALPM] installed logrotate (3.9.1-1)
[2015-12-05 18:21] [ALPM] installed libaio (0.3.110-1)
[2015-12-05 18:21] [ALPM] installed thin-provisioning-tools (0.5.6-1)
[2015-12-05 18:21] [ALPM] installed lvm2 (2.02.136-1)
[2015-12-05 18:21] [ALPM] installed groff (1.22.3-4)
[2015-12-05 18:21] [ALPM] installed libpipeline (1.4.1-1)
[2015-12-05 18:21] [ALPM] installed man-db (2.7.5-1)
[2015-12-05 18:21] [ALPM-SCRIPTLET] it's recommended to create an initial
[2015-12-05 18:21] [ALPM-SCRIPTLET] database running as root:
[2015-12-05 18:21] [ALPM-SCRIPTLET] "/usr/bin/mandb --quiet"
[2015-12-05 18:21] [ALPM] installed man-pages (4.02-1)
[2015-12-05 18:21] [ALPM] installed mdadm (3.3.4-1)
[2015-12-05 18:21] [ALPM] installed nano (2.4.3-1)
[2015-12-05 18:21] [ALPM] installed openresolv (3.7.1-1)
[2015-12-05 18:21] [ALPM] installed netctl (1.11-1)
[2015-12-05 18:21] [ALPM] installed libtasn1 (4.7-1)
[2015-12-05 18:21] [ALPM] installed p11-kit (0.23.1-3)
[2015-12-05 18:21] [ALPM] installed ca-certificates-utils (20150402-1)
[2015-12-05 18:21] [ALPM] installed ca-certificates-mozilla (3.20.1-1)
[2015-12-05 18:21] [ALPM] installed ca-certificates-cacert (20140824-2)
[2015-12-05 18:21] [ALPM] installed ca-certificates (20150402-1)
[2015-12-05 18:21] [ALPM] installed libssh2 (1.6.0-1)
[2015-12-05 18:21] [ALPM] installed curl (7.45.0-1)
[2015-12-05 18:21] [ALPM] installed npth (1.2-1)
[2015-12-05 18:21] [ALPM] installed libksba (1.3.3-1)
[2015-12-05 18:21] [ALPM] installed libassuan (2.3.0-1)
[2015-12-05 18:21] [ALPM] installed pinentry (0.9.5-2)
[2015-12-05 18:21] [ALPM] installed nettle (3.1.1-1)
[2015-12-05 18:21] [ALPM] installed gnutls (3.4.7-1)
[2015-12-05 18:21] [ALPM] installed gnupg (2.1.9-1)
[2015-12-05 18:21] [ALPM] installed gpgme (1.6.0-2)
[2015-12-05 18:21] [ALPM] installed pacman-mirrorlist (20151122-1)
[2015-12-05 18:21] [ALPM] installed archlinux-keyring (20150605-1)
[2015-12-05 18:21] [ALPM] installed pacman (4.2.1-4)
[2015-12-05 18:21] [ALPM] installed pciutils (3.3.1-1)
[2015-12-05 18:21] [ALPM] installed pcmciautils (018-7)
[2015-12-05 18:21] [ALPM] installed procps-ng (3.3.11-2)
[2015-12-05 18:21] [ALPM] installed psmisc (22.21-3)
[2015-12-05 18:21] [ALPM] installed reiserfsprogs (3.6.24-1)
[2015-12-05 18:21] [ALPM] installed s-nail (14.8.5-1)
[2015-12-05 18:21] [ALPM] installed sed (4.2.2-3)
[2015-12-05 18:21] [ALPM] installed systemd-sysvcompat (228-3)
[2015-12-05 18:21] [ALPM] installed tar (1.28-1)
[2015-12-05 18:21] [ALPM] installed libusb (1.0.20-1)
[2015-12-05 18:21] [ALPM] installed usbutils (008-1)
[2015-12-05 18:21] [ALPM] installed vi (1:070224-2)
[2015-12-05 18:21] [ALPM] installed which (2.21-1)
[2015-12-05 18:21] [ALPM] installed xfsprogs (4.2.0-1)
[2015-12-05 18:21] [ALPM] installed syslinux (6.03-3)
[2015-12-05 18:21] [ALPM-SCRIPTLET] 
[2015-12-05 18:21] [ALPM-SCRIPTLET] ==> For setting up Syslinux BIOS using the syslinux-install_update script follow
[2015-12-05 18:21] [ALPM-SCRIPTLET]     https://wiki.archlinux.org/index.php/Syslinux#Automatic_Install
[2015-12-05 18:21] [ALPM-SCRIPTLET] 
[2015-12-05 18:21] [ALPM-SCRIPTLET] ==> For setting up Syslinux EFI follow
[2015-12-05 18:21] [ALPM-SCRIPTLET]     https://wiki.archlinux.org/index.php/Syslinux#UEFI_Systems
[2015-12-05 18:21] [ALPM-SCRIPTLET] 
[2015-12-05 18:21] [ALPM-SCRIPTLET] ==> The syslinux-install_update script does not currently support EFI install
[2015-12-05 18:21] [ALPM-SCRIPTLET] 
[2015-12-05 18:21] [ALPM] transaction completed
[2015-12-05 18:21] [PACMAN] Running 'pacman -r work/x86_64/airootfs -Sy --noconfirm --config=work/pacman.conf haveged intel-ucode memtest86+ mkinitcpio-nfs-utils nbd zsh'
[2015-12-05 18:21] [PACMAN] synchronizing package lists
[2015-12-05 18:21] [ALPM] transaction started
[2015-12-05 18:21] [ALPM] installed haveged (1.9.1-2)
[2015-12-05 18:21] [ALPM] installed intel-ucode (20150121-1)
[2015-12-05 18:21] [ALPM] installed memtest86+ (5.01-1)
[2015-12-05 18:21] [ALPM] installed mkinitcpio-nfs-utils (0.3-5)
[2015-12-05 18:21] [ALPM] installed nbd (3.12.1-1)
[2015-12-05 18:21] [ALPM] installed zsh (5.2-1)
[2015-12-05 18:21] [ALPM] transaction completed
[2015-12-05 18:21] [PACMAN] Running 'pacman -r work/x86_64/airootfs -Sy --noconfirm --config=work/pacman.conf arch-install-scripts b43-fwcutter btrfs-progs clonezilla crda darkhttpd ddrescue dhclient dialog dmraid dnsmasq dnsutils dosfstools elinks ethtool f2fs-tools fsarchiver gnu-netcat gpm gptfdisk grml-zsh-config grub hdparm ipw2100-fw ipw2200-fw irssi lftp linux-atm mc mtools nfs-utils nilfs-utils nmap ntfs-3g ntp openconnect openssh openvpn partclone parted partimage ppp pptpclient refind-efi rfkill rp-pppoe rsync smartmontools speedtouch sudo tcpdump testdisk usb_modeswitch vim-minimal vpnc wget wireless_tools wpa_actiond wvdial xl2tpd zd1211-firmware xorg-server xorg-xinit xorg-server-utils xf86-video-vesa alsa-utils lxde lxdm chromium dhcpcd wget gparted virtualbox-guest-utils ttf-dejavu'
[2015-12-05 18:21] [PACMAN] synchronizing package lists
[2015-12-05 18:21] [ALPM] transaction started
[2015-12-05 18:21] [ALPM] installed arch-install-scripts (15-1)
[2015-12-05 18:21] [ALPM] installed b43-fwcutter (019-1)
[2015-12-05 18:21] [ALPM] installed btrfs-progs (4.3.1-1)
[2015-12-05 18:21] [ALPM] installed bc (1.06.95-1)
[2015-12-05 18:21] [ALPM] installed drbl (2.11.15-1)
[2015-12-05 18:21] [ALPM] installed progsreiserfs (0.3.0.5-8)
[2015-12-05 18:21] [ALPM] installed fuse (2.9.4-1)
[2015-12-05 18:21] [ALPM] installed ntfs-3g (2015.3.14-1)
[2015-12-05 18:21] [ALPM] installed partclone (0.2.80-2)
[2015-12-05 18:21] [ALPM] installed slang (2.3.0-1)
[2015-12-05 18:21] [ALPM] installed gpm (1.20.7-6)
[2015-12-05 18:21] [ALPM] installed libnewt (0.52.18-3)
[2015-12-05 18:21] [ALPM] installed partimage (0.6.9-7)
[2015-12-05 18:21] [ALPM] installed pigz (2.3.3-1)
[2015-12-05 18:21] [ALPM] installed libedit (20150325_3.1-2)
[2015-12-05 18:21] [ALPM] installed dnssec-anchors (20150403-1)
[2015-12-05 18:21] [ALPM] installed ldns (1.6.17-3)
[2015-12-05 18:21] [ALPM] installed openssh (7.1p1-1)
[2015-12-05 18:21] [ALPM] installed sshfs (2.5-1)
[2015-12-05 18:21] [ALPM] installed parted (3.2-3)
[2015-12-05 18:21] [ALPM] installed gptfdisk (1.0.1-1)
[2015-12-05 18:21] [ALPM] installed dosfstools (3.0.28-1)
[2015-12-05 18:21] [ALPM] installed pbzip2 (1.1.12-1)
[2015-12-05 18:21] [ALPM] installed lbzip2 (2.5-3)
[2015-12-05 18:21] [ALPM] installed lrzip (0.621-1)
[2015-12-05 18:21] [ALPM] installed pixz (1.0.6-1)
[2015-12-05 18:21] [ALPM] installed lzop (1.03-5)
[2015-12-05 18:21] [ALPM] installed clonezilla (3.10.11-5)
[2015-12-05 18:21] [ALPM] installed wireless-regdb (2015.07.20-1)
[2015-12-05 18:21] [ALPM] installed libnl (3.2.26-1)
[2015-12-05 18:21] [ALPM] installed iw (4.1-1)
[2015-12-05 18:21] [ALPM] installed crda (3.18-1)
[2015-12-05 18:21] [ALPM-SCRIPTLET] Uncomment the right regulatory domain in /etc/conf.d/wireless-regdom.
[2015-12-05 18:21] [ALPM-SCRIPTLET] It will automatically be set on boot.
[2015-12-05 18:21] [ALPM] installed darkhttpd (1.11-3)
[2015-12-05 18:21] [ALPM] installed ddrescue (1.20-1)
[2015-12-05 18:21] [ALPM] installed dhclient (4.3.3-2)
[2015-12-05 18:21] [ALPM] installed dialog (1:1.2_20150920-1)
[2015-12-05 18:21] [ALPM] installed dmraid (1.0.0.rc16.3-10)
[2015-12-05 18:21] [ALPM] installed dnsmasq (2.75-1)
[2015-12-05 18:21] [ALPM] installed libxml2 (2.9.2-2)
[2015-12-05 18:21] [ALPM] installed geoip-database (20151103-1)
[2015-12-05 18:21] [ALPM] installed geoip (1.6.6-1)
[2015-12-05 18:21] [ALPM] installed idnkit (1.0-3)
[2015-12-05 18:21] [ALPM] installed bind-tools (9.10.3-2)
[2015-12-05 18:21] [ALPM] installed lua51 (5.1.5-4)
[2015-12-05 18:21] [ALPM] installed nspr (4.10.10-1)
[2015-12-05 18:21] [ALPM] installed js185 (1.0.0-2)
[2015-12-05 18:21] [ALPM] installed libatomic_ops (7.4.2-1)
[2015-12-05 18:21] [ALPM] installed gc (7.4.2-3)
[2015-12-05 18:21] [ALPM] installed tre (0.8.0-3)
[2015-12-05 18:21] [ALPM] installed desktop-file-utils (0.22-1)
[2015-12-05 18:21] [ALPM] installed elinks (0.13-15)
[2015-12-05 18:21] [ALPM] installed ethtool (1:4.0-1)
[2015-12-05 18:21] [ALPM] installed f2fs-tools (1.4.1-1)
[2015-12-05 18:21] [ALPM] installed fsarchiver (0.6.19-1)
[2015-12-05 18:21] [ALPM] installed gnu-netcat (0.7.1-5)
[2015-12-05 18:21] [ALPM] installed grml-zsh-config (0.12.4-1)
[2015-12-05 18:21] [ALPM] installed grub (1:2.02.beta2-5)
[2015-12-05 18:21] [ALPM-SCRIPTLET] Generating grub.cfg.example config file...
[2015-12-05 18:21] [ALPM-SCRIPTLET] This may fail on some machines running a custom kernel.
[2015-12-05 18:21] [ALPM-SCRIPTLET] done.
[2015-12-05 18:21] [ALPM] installed hdparm (9.48-1)
[2015-12-05 18:21] [ALPM] installed ipw2100-fw (1.3-7)
[2015-12-05 18:21] [ALPM] installed ipw2200-fw (3.1-5)
[2015-12-05 18:21] [ALPM] installed irssi (0.8.17-3)
[2015-12-05 18:21] [ALPM] installed lftp (4.6.4-2)
[2015-12-05 18:21] [ALPM] installed linux-atm (2.5.2-4)
[2015-12-05 18:21] [ALPM] installed mc (4.8.15-1)
[2015-12-05 18:21] [ALPM] installed mtools (4.0.18-2)
[2015-12-05 18:21] [ALPM] installed rpcbind (0.2.3-3)
[2015-12-05 18:21] [ALPM] installed libgssglue (0.4-2)
[2015-12-05 18:21] [ALPM] installed librpcsecgss (0.19-8)
[2015-12-05 18:21] [ALPM] installed nfsidmap (0.26-1)
[2015-12-05 18:21] [ALPM] installed ding-libs (0.5.0-1)
[2015-12-05 18:21] [ALPM] installed gssproxy (0.4.1-1)
[2015-12-05 18:21] [ALPM] installed libevent (2.0.22-1)
[2015-12-05 18:21] [ALPM] installed nfs-utils (1.3.3-3)
[2015-12-05 18:21] [ALPM-SCRIPTLET]   ==> PLEASE NOTE:
[2015-12-05 18:21] [ALPM-SCRIPTLET]   ==> Extended configuration options for NFS (clients & server) are available in
[2015-12-05 18:21] [ALPM-SCRIPTLET]   ==> /etc/conf.d/nfs-common.conf and in /etc/conf.d/nfs-server.conf
[2015-12-05 18:21] [ALPM-SCRIPTLET]   ==>
[2015-12-05 18:21] [ALPM-SCRIPTLET]   ==> Please refer to http://wiki.archlinux.org/index.php/NFS
[2015-12-05 18:21] [ALPM-SCRIPTLET]   ==> for further information.
[2015-12-05 18:21] [ALPM] installed nilfs-utils (2.2.3-1)
[2015-12-05 18:21] [ALPM] installed lua52 (5.2.4-1)
[2015-12-05 18:21] [ALPM] installed nmap (7.00-1)
[2015-12-05 18:21] [ALPM] installed ntp (4.2.8.p4-1)
[2015-12-05 18:21] [ALPM] installed libproxy (0.4.11-6)
[2015-12-05 18:21] [ALPM] installed vpnc (0.5.3.svn550-1)
[2015-12-05 18:21] [ALPM] installed openconnect (1:7.06-2)
[2015-12-05 18:21] [ALPM] installed openvpn (2.3.8-2)
[2015-12-05 18:21] [ALPM] installed libpcap (1.7.4-1)
[2015-12-05 18:21] [ALPM] installed ppp (2.4.7-2)
[2015-12-05 18:21] [ALPM] installed pptpclient (1.8.0-2)
[2015-12-05 18:21] [ALPM] installed efivar (0.21-1)
[2015-12-05 18:21] [ALPM] installed efibootmgr (0.12-1)
[2015-12-05 18:21] [ALPM] installed refind-efi (0.9.2-1)
[2015-12-05 18:21] [ALPM-SCRIPTLET] 
[2015-12-05 18:21] [ALPM-SCRIPTLET] rEFInd UEFI application has been installed at /usr/share/refind/refind_*.efi
[2015-12-05 18:21] [ALPM-SCRIPTLET] 
[2015-12-05 18:21] [ALPM-SCRIPTLET] Other UEFI applications have been installed at /usr/share/refind/tools_*/
[2015-12-05 18:21] [ALPM-SCRIPTLET] 
[2015-12-05 18:21] [ALPM-SCRIPTLET] UEFI drivers have been installed at /usr/share/refind/drivers_*/
[2015-12-05 18:21] [ALPM-SCRIPTLET] 
[2015-12-05 18:21] [ALPM-SCRIPTLET] Copy the efi application (according to your UEFI ARCH) 
[2015-12-05 18:21] [ALPM-SCRIPTLET] and /usr/share/refind/refind.conf-sample to a sub-directory of <EFISYS>/EFI/
[2015-12-05 18:21] [ALPM-SCRIPTLET] as refind.conf and add an entry to firmware boot menu using efibootmgr
[2015-12-05 18:21] [ALPM-SCRIPTLET] or mactel-boot (for Macs)
[2015-12-05 18:21] [ALPM-SCRIPTLET] 
[2015-12-05 18:21] [ALPM-SCRIPTLET] rEFInd Icons have been installed at /usr/share/refind/icons/
[2015-12-05 18:21] [ALPM-SCRIPTLET] rEFInd Fonts have been installed at /usr/share/refind/fonts/
[2015-12-05 18:21] [ALPM-SCRIPTLET] 
[2015-12-05 18:21] [ALPM-SCRIPTLET] HTML Documentation is available at /usr/share/refind/docs/html/
[2015-12-05 18:21] [ALPM-SCRIPTLET] 
[2015-12-05 18:21] [ALPM-SCRIPTLET] More info: https://wiki.archlinux.org/index.php/rEFInd 
[2015-12-05 18:21] [ALPM-SCRIPTLET] 
[2015-12-05 18:21] [ALPM] installed rfkill (0.5-1)
[2015-12-05 18:21] [ALPM] installed net-tools (1.60.20130531git-1)
[2015-12-05 18:21] [ALPM] installed rp-pppoe (3.11-7)
[2015-12-05 18:21] [ALPM-SCRIPTLET] >>> The kernel-mode plugin has a new place.
[2015-12-05 18:21] [ALPM-SCRIPTLET] >>> It's now located under /usr/lib/rp-pppoe/rp-pppoe.so
[2015-12-05 18:21] [ALPM-SCRIPTLET] >>> Change LINUX_PLUGIN to the new path in your /etc/ppp/pppoe.conf
[2015-12-05 18:21] [ALPM] installed rsync (3.1.1-4)
[2015-12-05 18:21] [ALPM] installed libcap-ng (0.7.7-1)
[2015-12-05 18:21] [ALPM] installed smartmontools (6.4-1)
[2015-12-05 18:21] [ALPM] installed speedtouch (1.3.1-5)
[2015-12-05 18:21] [ALPM] installed sudo (1.8.15-1)
[2015-12-05 18:21] [ALPM] installed tcpdump (4.7.4-1)
[2015-12-05 18:21] [ALPM] installed libjpeg-turbo (1.4.2-1)
[2015-12-05 18:21] [ALPM] installed testdisk (7.0-2)
[2015-12-05 18:21] [ALPM] installed tcl (8.6.4-1)
[2015-12-05 18:21] [ALPM] installed usb_modeswitch (2.2.6-1)
[2015-12-05 18:21] [ALPM] installed vim-runtime (7.4.944-1)
[2015-12-05 18:21] [ALPM] installed vim-minimal (7.4.944-1)
[2015-12-05 18:21] [ALPM] installed wget (1.16.3-1)
[2015-12-05 18:21] [ALPM] installed wireless_tools (30.pre9-1)
[2015-12-05 18:21] [ALPM] installed wpa_supplicant (1:2.3-1)
[2015-12-05 18:21] [ALPM] installed wpa_actiond (1.4-2)
[2015-12-05 18:21] [ALPM] installed xplc (0.3.13-5)
[2015-12-05 18:21] [ALPM] installed wvstreams (4.6.1-7)
[2015-12-05 18:21] [ALPM] installed wvdial (1.61-5)
[2015-12-05 18:21] [ALPM] installed xl2tpd (1.3.6-1)
[2015-12-05 18:21] [ALPM] installed zd1211-firmware (1.5-1)
[2015-12-05 18:21] [ALPM] installed libepoxy (1.3.1-1)
[2015-12-05 18:21] [ALPM] installed xproto (7.0.28-1)
[2015-12-05 18:21] [ALPM] installed libxdmcp (1.1.2-1)
[2015-12-05 18:21] [ALPM] installed libpng (1.6.19-1)
[2015-12-05 18:21] [ALPM] installed graphite (1:1.3.3-1)
[2015-12-05 18:21] [ALPM] installed harfbuzz (1.1.2-1)
[2015-12-05 18:21] [ALPM] installed freetype2 (2.6.2-1)
[2015-12-05 18:21] [ALPM] installed libfontenc (1.1.3-1)
[2015-12-05 18:21] [ALPM] installed fontsproto (2.1.3-1)
[2015-12-05 18:21] [ALPM] installed libxfont (1.5.1-1)
[2015-12-05 18:21] [ALPM] installed libpciaccess (0.13.4-1)
[2015-12-05 18:21] [ALPM] installed libdrm (2.4.65-1)
[2015-12-05 18:21] [ALPM] installed pixman (0.32.8-1)
[2015-12-05 18:21] [ALPM] installed libxau (1.0.8-2)
[2015-12-05 18:21] [ALPM] installed xkeyboard-config (2.16-1)
[2015-12-05 18:21] [ALPM] installed xcb-proto (1.11-2)
[2015-12-05 18:21] [ALPM] installed libxcb (1.11.1-1)
[2015-12-05 18:21] [ALPM] installed kbproto (1.0.7-1)
[2015-12-05 18:21] [ALPM] installed libx11 (1.6.3-1)
[2015-12-05 18:21] [ALPM] installed libxkbfile (1.0.9-1)
[2015-12-05 18:21] [ALPM] installed xorg-xkbcomp (1.3.1-1)
[2015-12-05 18:21] [ALPM] installed xorg-setxkbmap (1.3.1-1)
[2015-12-05 18:21] [ALPM] installed xorg-fonts-encodings (1.0.4-4)
[2015-12-05 18:21] [ALPM] installed xorg-fonts-alias (1.0.3-1)
[2015-12-05 18:21] [ALPM] installed xorg-bdftopcf (1.0.5-1)
[2015-12-05 18:21] [ALPM] installed xorg-mkfontscale (1.1.2-1)
[2015-12-05 18:21] [ALPM] installed xorg-mkfontdir (1.0.7-2)
[2015-12-05 18:21] [ALPM] installed xorg-font-util (1.3.1-1)
[2015-12-05 18:21] [ALPM] installed xorg-font-utils (7.6-4)
[2015-12-05 18:21] [ALPM] installed fontconfig (2.11.1-2)
[2015-12-05 18:21] [ALPM-SCRIPTLET]   
[2015-12-05 18:21] [ALPM-SCRIPTLET]   Fontconfig configuration is done via /etc/fonts/conf.avail and conf.d.
[2015-12-05 18:21] [ALPM-SCRIPTLET]   Read /etc/fonts/conf.d/README for more information.
[2015-12-05 18:21] [ALPM-SCRIPTLET] 
[2015-12-05 18:21] [ALPM-SCRIPTLET]   Configuration via /etc/fonts/local.conf is still possible,
[2015-12-05 18:21] [ALPM-SCRIPTLET]   but is no longer recommended for options available in conf.avail.
[2015-12-05 18:21] [ALPM-SCRIPTLET] 
[2015-12-05 18:21] [ALPM-SCRIPTLET]   Main systemwide configuration should be done by symlinks
[2015-12-05 18:21] [ALPM-SCRIPTLET]   (especially for autohinting, sub-pixel and lcdfilter):
[2015-12-05 18:21] [ALPM-SCRIPTLET]   
[2015-12-05 18:21] [ALPM-SCRIPTLET]   cd /etc/fonts/conf.d
[2015-12-05 18:21] [ALPM-SCRIPTLET]   ln -s ../conf.avail/XX-foo.conf
[2015-12-05 18:21] [ALPM-SCRIPTLET]   
[2015-12-05 18:21] [ALPM-SCRIPTLET]   Check also https://wiki.archlinux.org/index.php/Font_Configuration
[2015-12-05 18:21] [ALPM-SCRIPTLET]   and https://wiki.archlinux.org/index.php/Fonts.
[2015-12-05 18:21] [ALPM-SCRIPTLET] 
[2015-12-05 18:21] [ALPM-SCRIPTLET] updating font cache... done.
[2015-12-05 18:21] [ALPM] installed xorg-fonts-misc (1.0.3-4)
[2015-12-05 18:21] [ALPM-SCRIPTLET] Updating font cache... done.
[2015-12-05 18:21] [ALPM] installed libunwind (1.1-3)
[2015-12-05 18:21] [ALPM] installed xorg-server-common (1.18.0-3)
[2015-12-05 18:21] [ALPM] installed libxshmfence (1.2-1)
[2015-12-05 18:21] [ALPM] installed wayland (1.9.0-1)
[2015-12-05 18:21] [ALPM] installed xextproto (7.3.0-1)
[2015-12-05 18:21] [ALPM] installed libxext (1.3.3-1)
[2015-12-05 18:21] [ALPM] installed xf86vidmodeproto (2.3.1-3)
[2015-12-05 18:21] [ALPM] installed libxxf86vm (1.1.4-1)
[2015-12-05 18:21] [ALPM] installed fixesproto (5.0-3)
[2015-12-05 18:21] [ALPM] installed libxfixes (5.0.1-1)
[2015-12-05 18:21] [ALPM] installed damageproto (1.2.1-3)
[2015-12-05 18:21] [ALPM] installed libxdamage (1.1.4-2)
[2015-12-05 18:21] [ALPM] installed elfutils (0.164-1)
[2015-12-05 18:21] [ALPM] installed libomxil-bellagio (0.9.3-1)
[2015-12-05 18:21] [ALPM] installed libtxc_dxtn (1.0.1-6)
[2015-12-05 18:21] [ALPM] installed llvm-libs (3.7.0-5)
[2015-12-05 18:21] [ALPM] installed mesa (11.0.6-1)
[2015-12-05 18:21] [ALPM] installed mesa-libgl (11.0.6-1)
[2015-12-05 18:21] [ALPM] installed mtdev (1.1.5-1)
[2015-12-05 18:21] [ALPM] installed libevdev (1.4.5-1)
[2015-12-05 18:21] [ALPM] installed xf86-input-evdev (2.10.0-2)
[2015-12-05 18:21] [ALPM] installed xorg-server (1.18.0-3)
[2015-12-05 18:21] [ALPM-SCRIPTLET] >>> xorg-server has now the ability to run without root rights with
[2015-12-05 18:21] [ALPM-SCRIPTLET]     the help of systemd-logind. xserver will fail to run if not launched
[2015-12-05 18:21] [ALPM-SCRIPTLET]     from the same virtual terminal as was used to log in.
[2015-12-05 18:21] [ALPM-SCRIPTLET]     Without root rights, log files will be in ~/.local/share/xorg/ directory.
[2015-12-05 18:21] [ALPM-SCRIPTLET] 
[2015-12-05 18:21] [ALPM-SCRIPTLET]     Old behavior can be restored through Xorg.wrap config file.
[2015-12-05 18:21] [ALPM-SCRIPTLET]     See Xorg.wrap man page (man xorg.wrap).
[2015-12-05 18:21] [ALPM] installed libice (1.0.9-1)
[2015-12-05 18:21] [ALPM] installed libsm (1.2.2-2)
[2015-12-05 18:21] [ALPM] installed libxt (1.1.5-1)
[2015-12-05 18:21] [ALPM] installed libxmu (1.1.2-1)
[2015-12-05 18:21] [ALPM] installed xorg-xauth (1.0.9-1)
[2015-12-05 18:21] [ALPM] installed xorg-xinit (1.3.4-3)
[2015-12-05 18:21] [ALPM] installed xorg-iceauth (1.0.7-1)
[2015-12-05 18:21] [ALPM] installed xorg-sessreg (1.1.0-1)
[2015-12-05 18:21] [ALPM] installed xorg-xcmsdb (1.0.5-1)
[2015-12-05 18:21] [ALPM] installed xcb-util (0.4.0-1)
[2015-12-05 18:21] [ALPM] installed xorg-xbacklight (1.2.1-1)
[2015-12-05 18:21] [ALPM] installed xorg-xgamma (1.0.6-1)
[2015-12-05 18:21] [ALPM] installed xorg-xhost (1.0.7-1)
[2015-12-05 18:21] [ALPM] installed inputproto (2.3.1-1)
[2015-12-05 18:21] [ALPM] installed libxi (1.7.5-1)
[2015-12-05 18:21] [ALPM] installed renderproto (0.11.1-3)
[2015-12-05 18:21] [ALPM] installed libxrender (0.9.9-1)
[2015-12-05 18:21] [ALPM] installed randrproto (1.5.0-1)
[2015-12-05 18:21] [ALPM] installed libxrandr (1.5.0-1)
[2015-12-05 18:21] [ALPM] installed xorg-xrandr (1.4.3-1)
[2015-12-05 18:21] [ALPM] installed xineramaproto (1.2.1-3)
[2015-12-05 18:21] [ALPM] installed libxinerama (1.1.3-2)
[2015-12-05 18:21] [ALPM] installed xorg-xinput (1.6.2-1)
[2015-12-05 18:21] [ALPM] installed xorg-xmodmap (1.0.9-1)
[2015-12-05 18:21] [ALPM] installed mcpp (2.7.2-5)
[2015-12-05 18:21] [ALPM] installed xorg-xrdb (1.1.0-1)
[2015-12-05 18:21] [ALPM] installed xorg-xrefresh (1.0.5-1)
[2015-12-05 18:21] [ALPM] installed xorg-xset (1.2.3-1)
[2015-12-05 18:21] [ALPM] installed libxcursor (1.1.14-2)
[2015-12-05 18:21] [ALPM] installed xorg-xsetroot (1.1.1-2)
[2015-12-05 18:21] [ALPM] installed xorg-server-utils (7.6-4)
[2015-12-05 18:21] [ALPM] installed xf86-video-vesa (2.3.4-2)
[2015-12-05 18:21] [ALPM] installed alsa-lib (1.1.0-1)
[2015-12-05 18:21] [ALPM] installed libogg (1.3.2-1)
[2015-12-05 18:21] [ALPM] installed flac (1.3.1-1)
[2015-12-05 18:21] [ALPM] installed libvorbis (1.3.5-1)
[2015-12-05 18:21] [ALPM] installed libsndfile (1.0.25-3)
[2015-12-05 18:21] [ALPM] installed libsamplerate (0.1.8-3)
[2015-12-05 18:21] [ALPM] installed fftw (3.3.4-1)
[2015-12-05 18:21] [ALPM] installed alsa-utils (1.1.0-1)
[2015-12-05 18:21] [ALPM] installed atk (2.18.0-1)
[2015-12-05 18:21] [ALPM] installed libdatrie (0.2.9-1)
[2015-12-05 18:21] [ALPM] installed libthai (0.1.22-1)
[2015-12-05 18:21] [ALPM] installed cairo (1.14.4-1)
[2015-12-05 18:21] [ALPM] installed libxft (2.3.2-1)
[2015-12-05 18:21] [ALPM] installed pango (1.38.1-1)
[2015-12-05 18:21] [ALPM] installed compositeproto (0.4.2-3)
[2015-12-05 18:21] [ALPM] installed libxcomposite (0.4.4-2)
[2015-12-05 18:21] [ALPM] installed shared-mime-info (1.5-1)
[2015-12-05 18:21] [ALPM] installed libtiff (4.0.6-1)
[2015-12-05 18:21] [ALPM] installed libdaemon (0.14-3)
[2015-12-05 18:21] [ALPM] installed avahi (0.6.32rc-1)
[2015-12-05 18:21] [ALPM] installed libcups (2.1.2-1)
[2015-12-05 18:21] [ALPM] installed jasper (1.900.1-14)
[2015-12-05 18:21] [ALPM] installed gdk-pixbuf2 (2.32.2-1)
[2015-12-05 18:21] [ALPM] installed hicolor-icon-theme (0.15-1)
[2015-12-05 18:21] [ALPM] installed gtk-update-icon-cache (3.18.5-1)
[2015-12-05 18:21] [ALPM] installed libcroco (0.6.9-1)
[2015-12-05 18:21] [ALPM] installed librsvg (1:2.40.12-1)
[2015-12-05 18:21] [ALPM] installed gtk2 (2.24.28-1)
[2015-12-05 18:21] [ALPM] installed xdg-utils (1.1.1-1)
[2015-12-05 18:21] [ALPM] installed gpicview (0.2.4-1)
[2015-12-05 18:21] [ALPM] installed lxappearance (0.6.1-1)
[2015-12-05 18:21] [ALPM] installed startup-notification (0.12-4)
[2015-12-05 18:21] [ALPM] installed giflib (5.1.1-1)
[2015-12-05 18:21] [ALPM] installed libid3tag (0.15.1b-8)
[2015-12-05 18:21] [ALPM] installed imlib2 (1.4.7-1)
[2015-12-05 18:21] [ALPM] installed openbox (3.6.1-1)
[2015-12-05 18:21] [ALPM] installed lxappearance-obconf (0.2.2-3)
[2015-12-05 18:21] [ALPM] installed dbus-glib (0.104-1)
[2015-12-05 18:21] [ALPM] installed libunique (1.1.6-6)
[2015-12-05 18:21] [ALPM] installed js17 (17.0.0-1)
[2015-12-05 18:21] [ALPM] installed polkit (0.113-4)
[2015-12-05 18:21] [ALPM] installed lxsession (1:0.5.2-1)
[2015-12-05 18:21] [ALPM] installed lxde-common (0.99.0-3)
[2015-12-05 18:21] [ALPM] installed lxde-icon-theme (0.5.1-1)
[2015-12-05 18:21] [ALPM] installed lxdm (0.5.2-2)
[2015-12-05 18:21] [ALPM] installed lxinput (0.3.4-1)
[2015-12-05 18:21] [ALPM] installed lxmenu-data (0.1.4-1)
[2015-12-05 18:21] [ALPM] installed libfm-extra (1.2.3-1)
[2015-12-05 18:21] [ALPM] installed menu-cache (1.0.0-1)
[2015-12-05 18:21] [ALPM] installed lxlauncher (0.2.4-1)
[2015-12-05 18:21] [ALPM] installed libnotify (0.7.6-1)
[2015-12-05 18:21] [ALPM] installed xmms2 (0.8DrO_o.882.g942b17f-2)
[2015-12-05 18:21] [ALPM] installed lxmusic (0.4.6-2)
[2015-12-05 18:21] [ALPM] installed libxres (1.0.7-1)
[2015-12-05 18:21] [ALPM] installed libwnck (2.31.0-1)
[2015-12-05 18:21] [ALPM] installed libexif (0.6.21-2)
[2015-12-05 18:21] [ALPM] installed libfm (1.2.3-1)
[2015-12-05 18:21] [ALPM] installed libkeybinder2 (0.3.0-2)
[2015-12-05 18:21] [ALPM] installed lxpanel (0.8.1-1)
[2015-12-05 18:21] [ALPM] installed lxrandr (0.3.0-1)
[2015-12-05 18:21] [ALPM] installed lxtask (0.1.6-1)
[2015-12-05 18:21] [ALPM] installed vte-common (0.42.1-1)
[2015-12-05 18:21] [ALPM] installed vte (0.28.2-7)
[2015-12-05 18:21] [ALPM] installed lxterminal (0.2.0-1)
[2015-12-05 18:21] [ALPM] installed pcmanfm (1.2.3-1)
[2015-12-05 18:21] [ALPM] installed sqlite (3.9.2-1)
[2015-12-05 18:21] [ALPM] installed nss (3.20.1-1)
[2015-12-05 18:21] [ALPM] installed scrnsaverproto (1.2.2-2)
[2015-12-05 18:21] [ALPM] installed libxss (1.2.2-2)
[2015-12-05 18:21] [ALPM] installed icu (56.1-1)
[2015-12-05 18:21] [ALPM] installed ttf-dejavu (2.34-2)
[2015-12-05 18:21] [ALPM] installed snappy (1.1.3-1)
[2015-12-05 18:21] [ALPM] installed libtool (2.4.6-3)
[2015-12-05 18:21] [ALPM] installed python (3.5.0-2)
[2015-12-05 18:21] [ALPM] installed python-xdg (0.25-3)
[2015-12-05 18:21] [ALPM] installed dotconf (1.3-4)
[2015-12-05 18:21] [ALPM] installed libasyncns (0.8-5)
[2015-12-05 18:21] [ALPM] installed recordproto (1.14.2-2)
[2015-12-05 18:21] [ALPM] installed libxtst (1.2.2-1)
[2015-12-05 18:21] [ALPM] installed json-c (0.12-2)
[2015-12-05 18:21] [ALPM] installed libpulse (7.1-1)
[2015-12-05 18:21] [ALPM] installed speech-dispatcher (0.8.3-6)
[2015-12-05 18:21] [ALPM] installed libsecret (0.18.3-1)
[2015-12-05 18:21] [ALPM] installed libvpx (1.5.0-2)
[2015-12-05 18:21] [ALPM] installed perl-ipc-system-simple (1.25-1)
[2015-12-05 18:21] [ALPM] installed perl-file-basedir (0.07-1)
[2015-12-05 18:21] [ALPM] installed chromium (47.0.2526.73-1)
[2015-12-05 18:21] [ALPM] reinstalled dhcpcd (6.9.4-1)
[2015-12-05 18:21] [ALPM] installed libsigc++ (2.6.1-1)
[2015-12-05 18:21] [ALPM] installed glibmm (2.46.2-1)
[2015-12-05 18:21] [ALPM] installed cairomm (1.12.0-1)
[2015-12-05 18:21] [ALPM] installed pangomm (2.38.1-1)
[2015-12-05 18:21] [ALPM] installed atkmm (2.24.2-1)
[2015-12-05 18:21] [ALPM] installed gtkmm (2.24.4-1)
[2015-12-05 18:21] [ALPM] installed gparted (0.23.0-1)
[2015-12-05 18:21] [ALPM] installed virtualbox-guest-modules (5.0.10-2.1)
[2015-12-05 18:21] [ALPM-SCRIPTLET] ===> You may want to load vboxguest, vboxsf and vboxvideo
[2015-12-05 18:21] [ALPM] installed virtualbox-guest-utils (5.0.10-1)
[2015-12-05 18:21] [ALPM] transaction completed
[2015-12-05 18:21] [PACMAN] Running 'pacman -r work/x86_64/airootfs -Sy --noconfirm --config=work/pacman.conf prebootloader'
[2015-12-05 18:21] [PACMAN] synchronizing package lists
[2015-12-05 18:21] [ALPM] transaction started
[2015-12-05 18:21] [ALPM] installed prebootloader (20130206-2)
[2015-12-05 18:21] [ALPM] transaction completed
[2015-12-05 18:31] [PACMAN] Running 'pacman -r work/x86_64/airootfs -Sy --noconfirm --config=work/pacman.conf base syslinux'
[2015-12-05 18:31] [PACMAN] synchronizing package lists
[2015-12-05 18:31] [PACMAN] Running 'pacman -r work/x86_64/airootfs -Sy --noconfirm --config=work/pacman.conf base syslinux'
[2015-12-05 18:31] [PACMAN] synchronizing package lists
[2015-12-05 18:31] [ALPM] transaction started
[2015-12-05 18:31] [ALPM] warning: directory permissions differ on /home/lovgren/archlive/work/x86_64/airootfs/root/
filesystem: 700  package: 750
[2015-12-05 18:31] [ALPM] reinstalled filesystem (2015.09-1)
[2015-12-05 18:31] [ALPM] reinstalled glibc (2.22-3)
[2015-12-05 18:31] [ALPM] reinstalled gcc-libs (5.2.0-2)
[2015-12-05 18:31] [ALPM] reinstalled bash (4.3.042-4)
[2015-12-05 18:31] [ALPM] reinstalled bzip2 (1.0.6-5)
[2015-12-05 18:31] [ALPM] reinstalled perl (5.22.0-1)
[2015-12-05 18:31] [ALPM] reinstalled coreutils (8.24-1)
[2015-12-05 18:31] [ALPM] reinstalled e2fsprogs (1.42.13-1)
[2015-12-05 18:31] [ALPM] reinstalled shadow (4.2.1-3)
[2015-12-05 18:31] [ALPM] reinstalled util-linux (2.27.1-1)
[2015-12-05 18:31] [ALPM] reinstalled findutils (4.4.2-6)
[2015-12-05 18:31] [ALPM] reinstalled less (481-2)
[2015-12-05 18:31] [ALPM] reinstalled gzip (1.6-1)
[2015-12-05 18:31] [ALPM] reinstalled texinfo (6.0-1)
[2015-12-05 18:31] [ALPM] reinstalled device-mapper (2.02.136-1)
[2015-12-05 18:31] [ALPM] reinstalled cryptsetup (1.7.0-1)
[2015-12-05 18:31] [ALPM] reinstalled dhcpcd (6.9.4-1)
[2015-12-05 18:31] [ALPM] reinstalled diffutils (3.3-2)
[2015-12-05 18:31] [ALPM] reinstalled file (5.25-1)
[2015-12-05 18:31] [ALPM] reinstalled gawk (4.1.3-1)
[2015-12-05 18:31] [ALPM] reinstalled gettext (0.19.6-1)
[2015-12-05 18:31] [ALPM] reinstalled grep (2.22-1)
[2015-12-05 18:31] [ALPM] reinstalled inetutils (1.9.4-2)
[2015-12-05 18:31] [ALPM] reinstalled iproute2 (4.1.1-1)
[2015-12-05 18:31] [ALPM] reinstalled sysfsutils (2.1.0-9)
[2015-12-05 18:31] [ALPM] reinstalled iputils (20140519.fad11dc-1)
[2015-12-05 18:31] [ALPM] reinstalled jfsutils (1.1.15-4)
[2015-12-05 18:31] [ALPM] reinstalled licenses (20140629-1)
[2015-12-05 18:31] [ALPM] reinstalled linux (4.2.5-1)
[2015-12-05 18:31] [ALPM-SCRIPTLET] >>> Updating module dependencies. Please wait ...
[2015-12-05 18:31] [ALPM-SCRIPTLET] >>> Generating initial ramdisk, using mkinitcpio. Please wait...
[2015-12-05 18:31] [ALPM-SCRIPTLET] ==> Building image from preset: /etc/mkinitcpio.d/linux.preset: 'default'
[2015-12-05 18:31] [ALPM-SCRIPTLET]   -> -k /boot/vmlinuz-linux -c /etc/mkinitcpio.conf -g /boot/initramfs-linux.img
[2015-12-05 18:31] [ALPM-SCRIPTLET] ==> Starting build: 4.2.5-1-ARCH
[2015-12-05 18:31] [ALPM-SCRIPTLET]   -> Running build hook: [base]
[2015-12-05 18:31] [ALPM-SCRIPTLET]   -> Running build hook: [udev]
[2015-12-05 18:31] [ALPM-SCRIPTLET]   -> Running build hook: [autodetect]
[2015-12-05 18:31] [ALPM-SCRIPTLET]   -> Running build hook: [modconf]
[2015-12-05 18:31] [ALPM-SCRIPTLET]   -> Running build hook: [block]
[2015-12-05 18:31] [ALPM-SCRIPTLET]   -> Running build hook: [filesystems]
[2015-12-05 18:31] [ALPM-SCRIPTLET]   -> Running build hook: [keyboard]
[2015-12-05 18:31] [ALPM-SCRIPTLET]   -> Running build hook: [fsck]
[2015-12-05 18:31] [ALPM-SCRIPTLET] ==> Generating module dependencies
[2015-12-05 18:31] [ALPM-SCRIPTLET] ==> Creating gzip-compressed initcpio image: /boot/initramfs-linux.img
[2015-12-05 18:31] [ALPM-SCRIPTLET] ==> Image generation successful
[2015-12-05 18:31] [ALPM-SCRIPTLET] ==> Building image from preset: /etc/mkinitcpio.d/linux.preset: 'fallback'
[2015-12-05 18:31] [ALPM-SCRIPTLET]   -> -k /boot/vmlinuz-linux -c /etc/mkinitcpio.conf -g /boot/initramfs-linux-fallback.img -S autodetect
[2015-12-05 18:31] [ALPM-SCRIPTLET] ==> Starting build: 4.2.5-1-ARCH
[2015-12-05 18:31] [ALPM-SCRIPTLET]   -> Running build hook: [base]
[2015-12-05 18:31] [ALPM-SCRIPTLET]   -> Running build hook: [udev]
[2015-12-05 18:31] [ALPM-SCRIPTLET]   -> Running build hook: [modconf]
[2015-12-05 18:31] [ALPM-SCRIPTLET]   -> Running build hook: [block]
[2015-12-05 18:31] [ALPM-SCRIPTLET] ==> WARNING: Possibly missing firmware for module: wd719x
[2015-12-05 18:31] [ALPM-SCRIPTLET] ==> WARNING: Possibly missing firmware for module: aic94xx
[2015-12-05 18:31] [ALPM-SCRIPTLET]   -> Running build hook: [filesystems]
[2015-12-05 18:31] [ALPM-SCRIPTLET]   -> Running build hook: [keyboard]
[2015-12-05 18:31] [ALPM-SCRIPTLET]   -> Running build hook: [fsck]
[2015-12-05 18:31] [ALPM-SCRIPTLET] ==> Generating module dependencies
[2015-12-05 18:31] [ALPM-SCRIPTLET] ==> Creating gzip-compressed initcpio image: /boot/initramfs-linux-fallback.img
[2015-12-05 18:31] [ALPM-SCRIPTLET] ==> Image generation successful
[2015-12-05 18:31] [ALPM] reinstalled logrotate (3.9.1-1)
[2015-12-05 18:31] [ALPM] reinstalled lvm2 (2.02.136-1)
[2015-12-05 18:31] [ALPM] reinstalled man-db (2.7.5-1)
[2015-12-05 18:31] [ALPM] reinstalled man-pages (4.02-1)
[2015-12-05 18:31] [ALPM] reinstalled mdadm (3.3.4-1)
[2015-12-05 18:31] [ALPM] reinstalled nano (2.4.3-1)
[2015-12-05 18:31] [ALPM] reinstalled netctl (1.11-1)
[2015-12-05 18:31] [ALPM] reinstalled pacman (4.2.1-4)
[2015-12-05 18:31] [ALPM] reinstalled pciutils (3.3.1-1)
[2015-12-05 18:31] [ALPM] reinstalled pcmciautils (018-7)
[2015-12-05 18:31] [ALPM] reinstalled procps-ng (3.3.11-2)
[2015-12-05 18:31] [ALPM] reinstalled psmisc (22.21-3)
[2015-12-05 18:31] [ALPM] reinstalled reiserfsprogs (3.6.24-1)
[2015-12-05 18:31] [ALPM] reinstalled s-nail (14.8.5-1)
[2015-12-05 18:31] [ALPM] reinstalled sed (4.2.2-3)
[2015-12-05 18:31] [ALPM] reinstalled systemd-sysvcompat (228-3)
[2015-12-05 18:31] [ALPM] reinstalled tar (1.28-1)
[2015-12-05 18:31] [ALPM] reinstalled usbutils (008-1)
[2015-12-05 18:31] [ALPM] reinstalled vi (1:070224-2)
[2015-12-05 18:31] [ALPM] reinstalled which (2.21-1)
[2015-12-05 18:31] [ALPM] reinstalled xfsprogs (4.2.0-1)
[2015-12-05 18:31] [ALPM] reinstalled syslinux (6.03-3)
[2015-12-05 18:31] [ALPM-SCRIPTLET] 
[2015-12-05 18:31] [ALPM-SCRIPTLET] ==> For setting up Syslinux BIOS using the syslinux-install_update script follow
[2015-12-05 18:31] [ALPM-SCRIPTLET]     https://wiki.archlinux.org/index.php/Syslinux#Automatic_Install
[2015-12-05 18:31] [ALPM-SCRIPTLET] 
[2015-12-05 18:31] [ALPM-SCRIPTLET] ==> For setting up Syslinux EFI follow
[2015-12-05 18:31] [ALPM-SCRIPTLET]     https://wiki.archlinux.org/index.php/Syslinux#UEFI_Systems
[2015-12-05 18:31] [ALPM-SCRIPTLET] 
[2015-12-05 18:31] [ALPM-SCRIPTLET] ==> The syslinux-install_update script does not currently support EFI install
[2015-12-05 18:31] [ALPM-SCRIPTLET] 
[2015-12-05 18:31] [ALPM] transaction completed
[2015-12-05 18:31] [PACMAN] Running 'pacman -r work/x86_64/airootfs -Sy --noconfirm --config=work/pacman.conf haveged intel-ucode memtest86+ mkinitcpio-nfs-utils nbd zsh'
[2015-12-05 18:31] [PACMAN] synchronizing package lists
[2015-12-05 18:31] [ALPM] transaction started
[2015-12-05 18:31] [ALPM] reinstalled haveged (1.9.1-2)
[2015-12-05 18:31] [ALPM] reinstalled intel-ucode (20150121-1)
[2015-12-05 18:31] [ALPM] reinstalled memtest86+ (5.01-1)
[2015-12-05 18:31] [ALPM] reinstalled mkinitcpio-nfs-utils (0.3-5)
[2015-12-05 18:31] [ALPM] reinstalled nbd (3.12.1-1)
[2015-12-05 18:31] [ALPM] reinstalled zsh (5.2-1)
[2015-12-05 18:31] [ALPM] transaction completed
[2015-12-05 18:31] [PACMAN] Running 'pacman -r work/x86_64/airootfs -Sy --noconfirm --config=work/pacman.conf arch-install-scripts b43-fwcutter btrfs-progs clonezilla crda darkhttpd ddrescue dhclient dialog dmraid dnsmasq dnsutils dosfstools elinks ethtool f2fs-tools fsarchiver gnu-netcat gpm gptfdisk grml-zsh-config grub hdparm ipw2100-fw ipw2200-fw irssi lftp linux-atm mc mtools nfs-utils nilfs-utils nmap ntfs-3g ntp openconnect openssh openvpn partclone parted partimage ppp pptpclient refind-efi rfkill rp-pppoe rsync smartmontools speedtouch sudo tcpdump testdisk usb_modeswitch vim-minimal vpnc wget wireless_tools wpa_actiond wvdial xl2tpd zd1211-firmware xorg-server xorg-xinit xorg-server-utils xf86-video-vesa alsa-utils lxde lxdm chromium dhcpcd wget gparted virtualbox-guest-utils ttf-dejavu'
[2015-12-05 18:31] [PACMAN] synchronizing package lists
[2015-12-05 18:31] [ALPM] transaction started
[2015-12-05 18:31] [ALPM] reinstalled arch-install-scripts (15-1)
[2015-12-05 18:31] [ALPM] reinstalled b43-fwcutter (019-1)
[2015-12-05 18:31] [ALPM] reinstalled btrfs-progs (4.3.1-1)
[2015-12-05 18:31] [ALPM] reinstalled ntfs-3g (2015.3.14-1)
[2015-12-05 18:31] [ALPM] reinstalled partclone (0.2.80-2)
[2015-12-05 18:31] [ALPM] reinstalled gpm (1.20.7-6)
[2015-12-05 18:31] [ALPM] reinstalled partimage (0.6.9-7)
[2015-12-05 18:31] [ALPM] reinstalled parted (3.2-3)
[2015-12-05 18:31] [ALPM] reinstalled gptfdisk (1.0.1-1)
[2015-12-05 18:31] [ALPM] reinstalled dosfstools (3.0.28-1)
[2015-12-05 18:31] [ALPM] reinstalled openssh (7.1p1-1)
[2015-12-05 18:31] [ALPM] reinstalled clonezilla (3.10.11-5)
[2015-12-05 18:31] [ALPM] reinstalled crda (3.18-1)
[2015-12-05 18:31] [ALPM] reinstalled darkhttpd (1.11-3)
[2015-12-05 18:31] [ALPM] reinstalled ddrescue (1.20-1)
[2015-12-05 18:31] [ALPM] reinstalled dhclient (4.3.3-2)
[2015-12-05 18:31] [ALPM] reinstalled dialog (1:1.2_20150920-1)
[2015-12-05 18:31] [ALPM] reinstalled dmraid (1.0.0.rc16.3-10)
[2015-12-05 18:31] [ALPM] reinstalled dnsmasq (2.75-1)
[2015-12-05 18:31] [ALPM] reinstalled bind-tools (9.10.3-2)
[2015-12-05 18:31] [ALPM] reinstalled elinks (0.13-15)
[2015-12-05 18:31] [ALPM] reinstalled ethtool (1:4.0-1)
[2015-12-05 18:31] [ALPM] reinstalled f2fs-tools (1.4.1-1)
[2015-12-05 18:31] [ALPM] reinstalled fsarchiver (0.6.19-1)
[2015-12-05 18:31] [ALPM] reinstalled gnu-netcat (0.7.1-5)
[2015-12-05 18:31] [ALPM] reinstalled grml-zsh-config (0.12.4-1)
[2015-12-05 18:31] [ALPM] reinstalled grub (1:2.02.beta2-5)
[2015-12-05 18:31] [ALPM] reinstalled hdparm (9.48-1)
[2015-12-05 18:31] [ALPM] reinstalled ipw2100-fw (1.3-7)
[2015-12-05 18:31] [ALPM] reinstalled ipw2200-fw (3.1-5)
[2015-12-05 18:31] [ALPM] reinstalled irssi (0.8.17-3)
[2015-12-05 18:31] [ALPM] reinstalled lftp (4.6.4-2)
[2015-12-05 18:31] [ALPM] reinstalled linux-atm (2.5.2-4)
[2015-12-05 18:31] [ALPM] reinstalled mc (4.8.15-1)
[2015-12-05 18:31] [ALPM] reinstalled mtools (4.0.18-2)
[2015-12-05 18:31] [ALPM] reinstalled nfs-utils (1.3.3-3)
[2015-12-05 18:31] [ALPM] reinstalled nilfs-utils (2.2.3-1)
[2015-12-05 18:31] [ALPM] reinstalled nmap (7.00-1)
[2015-12-05 18:31] [ALPM] reinstalled ntp (4.2.8.p4-1)
[2015-12-05 18:31] [ALPM] reinstalled vpnc (0.5.3.svn550-1)
[2015-12-05 18:31] [ALPM] reinstalled openconnect (1:7.06-2)
[2015-12-05 18:31] [ALPM] reinstalled openvpn (2.3.8-2)
[2015-12-05 18:31] [ALPM] reinstalled ppp (2.4.7-2)
[2015-12-05 18:31] [ALPM] reinstalled pptpclient (1.8.0-2)
[2015-12-05 18:31] [ALPM] reinstalled refind-efi (0.9.2-1)
[2015-12-05 18:31] [ALPM-SCRIPTLET] 
[2015-12-05 18:31] [ALPM-SCRIPTLET] rEFInd UEFI application has been installed at /usr/share/refind/refind_*.efi
[2015-12-05 18:31] [ALPM-SCRIPTLET] 
[2015-12-05 18:31] [ALPM-SCRIPTLET] Other UEFI applications have been installed at /usr/share/refind/tools_*/
[2015-12-05 18:31] [ALPM-SCRIPTLET] 
[2015-12-05 18:31] [ALPM-SCRIPTLET] UEFI drivers have been installed at /usr/share/refind/drivers_*/
[2015-12-05 18:31] [ALPM-SCRIPTLET] 
[2015-12-05 18:31] [ALPM-SCRIPTLET] Copy the efi application (according to your UEFI ARCH) 
[2015-12-05 18:31] [ALPM-SCRIPTLET] and /usr/share/refind/refind.conf-sample to a sub-directory of <EFISYS>/EFI/
[2015-12-05 18:31] [ALPM-SCRIPTLET] as refind.conf and add an entry to firmware boot menu using efibootmgr
[2015-12-05 18:31] [ALPM-SCRIPTLET] or mactel-boot (for Macs)
[2015-12-05 18:31] [ALPM-SCRIPTLET] 
[2015-12-05 18:31] [ALPM-SCRIPTLET] rEFInd Icons have been installed at /usr/share/refind/icons/
[2015-12-05 18:31] [ALPM-SCRIPTLET] rEFInd Fonts have been installed at /usr/share/refind/fonts/
[2015-12-05 18:31] [ALPM-SCRIPTLET] 
[2015-12-05 18:31] [ALPM-SCRIPTLET] HTML Documentation is available at /usr/share/refind/docs/html/
[2015-12-05 18:31] [ALPM-SCRIPTLET] 
[2015-12-05 18:31] [ALPM-SCRIPTLET] More info: https://wiki.archlinux.org/index.php/rEFInd 
[2015-12-05 18:31] [ALPM-SCRIPTLET] 
[2015-12-05 18:31] [ALPM] reinstalled rfkill (0.5-1)
[2015-12-05 18:31] [ALPM] reinstalled rp-pppoe (3.11-7)
[2015-12-05 18:31] [ALPM-SCRIPTLET] >>> The kernel-mode plugin has a new place.
[2015-12-05 18:31] [ALPM-SCRIPTLET] >>> It's now located under /usr/lib/rp-pppoe/rp-pppoe.so
[2015-12-05 18:31] [ALPM-SCRIPTLET] >>> Change LINUX_PLUGIN to the new path in your /etc/ppp/pppoe.conf
[2015-12-05 18:31] [ALPM] reinstalled rsync (3.1.1-4)
[2015-12-05 18:31] [ALPM] reinstalled smartmontools (6.4-1)
[2015-12-05 18:31] [ALPM] reinstalled speedtouch (1.3.1-5)
[2015-12-05 18:31] [ALPM] reinstalled sudo (1.8.15-1)
[2015-12-05 18:31] [ALPM] reinstalled tcpdump (4.7.4-1)
[2015-12-05 18:31] [ALPM] reinstalled testdisk (7.0-2)
[2015-12-05 18:31] [ALPM] reinstalled usb_modeswitch (2.2.6-1)
[2015-12-05 18:31] [ALPM] reinstalled vim-minimal (7.4.944-1)
[2015-12-05 18:31] [ALPM] reinstalled wget (1.16.3-1)
[2015-12-05 18:31] [ALPM] reinstalled wireless_tools (30.pre9-1)
[2015-12-05 18:31] [ALPM] reinstalled wpa_actiond (1.4-2)
[2015-12-05 18:31] [ALPM] reinstalled wvdial (1.61-5)
[2015-12-05 18:31] [ALPM] reinstalled xl2tpd (1.3.6-1)
[2015-12-05 18:31] [ALPM] reinstalled zd1211-firmware (1.5-1)
[2015-12-05 18:31] [ALPM] reinstalled xorg-server (1.18.0-3)
[2015-12-05 18:31] [ALPM] reinstalled xorg-xinit (1.3.4-3)
[2015-12-05 18:31] [ALPM] reinstalled xorg-server-utils (7.6-4)
[2015-12-05 18:31] [ALPM] reinstalled xf86-video-vesa (2.3.4-2)
[2015-12-05 18:31] [ALPM] reinstalled alsa-utils (1.1.0-1)
[2015-12-05 18:31] [ALPM] reinstalled gpicview (0.2.4-1)
[2015-12-05 18:31] [ALPM] reinstalled lxappearance (0.6.1-1)
[2015-12-05 18:31] [ALPM] reinstalled openbox (3.6.1-1)
[2015-12-05 18:31] [ALPM] reinstalled lxappearance-obconf (0.2.2-3)
[2015-12-05 18:31] [ALPM] reinstalled lxsession (1:0.5.2-1)
[2015-12-05 18:31] [ALPM] reinstalled lxde-common (0.99.0-3)
[2015-12-05 18:31] [ALPM] reinstalled lxde-icon-theme (0.5.1-1)
[2015-12-05 18:31] [ALPM] reinstalled lxdm (0.5.2-2)
[2015-12-05 18:31] [ALPM] reinstalled lxinput (0.3.4-1)
[2015-12-05 18:31] [ALPM] reinstalled lxmenu-data (0.1.4-1)
[2015-12-05 18:31] [ALPM] reinstalled lxlauncher (0.2.4-1)
[2015-12-05 18:31] [ALPM] reinstalled lxmusic (0.4.6-2)
[2015-12-05 18:31] [ALPM] reinstalled lxpanel (0.8.1-1)
[2015-12-05 18:31] [ALPM] reinstalled lxrandr (0.3.0-1)
[2015-12-05 18:31] [ALPM] reinstalled lxtask (0.1.6-1)
[2015-12-05 18:31] [ALPM] reinstalled lxterminal (0.2.0-1)
[2015-12-05 18:31] [ALPM] reinstalled pcmanfm (1.2.3-1)
[2015-12-05 18:31] [ALPM] reinstalled ttf-dejavu (2.34-2)
[2015-12-05 18:31] [ALPM] reinstalled chromium (47.0.2526.73-1)
[2015-12-05 18:31] [ALPM] reinstalled dhcpcd (6.9.4-1)
[2015-12-05 18:31] [ALPM] reinstalled gparted (0.23.0-1)
[2015-12-05 18:31] [ALPM] reinstalled virtualbox-guest-utils (5.0.10-1)
[2015-12-05 18:31] [ALPM] transaction completed
[2015-12-05 18:31] [PACMAN] Running 'pacman -r work/x86_64/airootfs -Sy --noconfirm --config=work/pacman.conf prebootloader'
[2015-12-05 18:31] [PACMAN] synchronizing package lists
[2015-12-05 18:31] [ALPM] transaction started
[2015-12-05 18:31] [ALPM] reinstalled prebootloader (20130206-2)
[2015-12-05 18:31] [ALPM] transaction completed
[2015-12-05 18:49] [PACMAN] Running 'pacman -r work/x86_64/airootfs -Sy --noconfirm --config=work/pacman.conf base syslinux'
[2015-12-05 18:49] [PACMAN] synchronizing package lists
[2015-12-05 18:49] [ALPM] transaction started
[2015-12-05 18:49] [ALPM] warning: directory permissions differ on /home/lovgren/archlive/work/x86_64/airootfs/root/
filesystem: 700  package: 750
[2015-12-05 18:49] [ALPM] reinstalled filesystem (2015.09-1)
[2015-12-05 18:49] [ALPM] reinstalled glibc (2.22-3)
[2015-12-05 18:49] [ALPM] reinstalled gcc-libs (5.2.0-2)
[2015-12-05 18:49] [ALPM] reinstalled bash (4.3.042-4)
[2015-12-05 18:49] [ALPM] reinstalled bzip2 (1.0.6-5)
[2015-12-05 18:49] [ALPM] reinstalled perl (5.22.0-1)
[2015-12-05 18:49] [ALPM] reinstalled coreutils (8.24-1)
[2015-12-05 18:49] [ALPM] reinstalled e2fsprogs (1.42.13-1)
[2015-12-05 18:49] [ALPM] reinstalled shadow (4.2.1-3)
[2015-12-05 18:49] [ALPM] reinstalled util-linux (2.27.1-1)
[2015-12-05 18:49] [ALPM] reinstalled findutils (4.4.2-6)
[2015-12-05 18:49] [ALPM] reinstalled less (481-2)
[2015-12-05 18:49] [ALPM] reinstalled gzip (1.6-1)
[2015-12-05 18:49] [ALPM] reinstalled texinfo (6.0-1)
[2015-12-05 18:49] [ALPM] reinstalled device-mapper (2.02.136-1)
[2015-12-05 18:49] [ALPM] reinstalled cryptsetup (1.7.0-1)
[2015-12-05 18:49] [ALPM] reinstalled dhcpcd (6.9.4-1)
[2015-12-05 18:49] [ALPM] reinstalled diffutils (3.3-2)
[2015-12-05 18:49] [ALPM] reinstalled file (5.25-1)
[2015-12-05 18:49] [ALPM] reinstalled gawk (4.1.3-1)
[2015-12-05 18:49] [ALPM] reinstalled gettext (0.19.6-1)
[2015-12-05 18:49] [ALPM] reinstalled grep (2.22-1)
[2015-12-05 18:49] [ALPM] reinstalled inetutils (1.9.4-2)
[2015-12-05 18:49] [ALPM] reinstalled iproute2 (4.1.1-1)
[2015-12-05 18:49] [ALPM] reinstalled sysfsutils (2.1.0-9)
[2015-12-05 18:49] [ALPM] reinstalled iputils (20140519.fad11dc-1)
[2015-12-05 18:49] [ALPM] reinstalled jfsutils (1.1.15-4)
[2015-12-05 18:49] [ALPM] reinstalled licenses (20140629-1)
[2015-12-05 18:49] [ALPM] reinstalled linux (4.2.5-1)
[2015-12-05 18:49] [ALPM-SCRIPTLET] >>> Updating module dependencies. Please wait ...
[2015-12-05 18:49] [ALPM-SCRIPTLET] >>> Generating initial ramdisk, using mkinitcpio. Please wait...
[2015-12-05 18:49] [ALPM-SCRIPTLET] ==> Building image from preset: /etc/mkinitcpio.d/linux.preset: 'default'
[2015-12-05 18:49] [ALPM-SCRIPTLET]   -> -k /boot/vmlinuz-linux -c /etc/mkinitcpio.conf -g /boot/initramfs-linux.img
[2015-12-05 18:49] [ALPM-SCRIPTLET] ==> Starting build: 4.2.5-1-ARCH
[2015-12-05 18:49] [ALPM-SCRIPTLET]   -> Running build hook: [base]
[2015-12-05 18:49] [ALPM-SCRIPTLET]   -> Running build hook: [udev]
[2015-12-05 18:49] [ALPM-SCRIPTLET]   -> Running build hook: [autodetect]
[2015-12-05 18:49] [ALPM-SCRIPTLET]   -> Running build hook: [modconf]
[2015-12-05 18:49] [ALPM-SCRIPTLET]   -> Running build hook: [block]
[2015-12-05 18:49] [ALPM-SCRIPTLET]   -> Running build hook: [filesystems]
[2015-12-05 18:49] [ALPM-SCRIPTLET]   -> Running build hook: [keyboard]
[2015-12-05 18:49] [ALPM-SCRIPTLET]   -> Running build hook: [fsck]
[2015-12-05 18:49] [ALPM-SCRIPTLET] ==> Generating module dependencies
[2015-12-05 18:49] [ALPM-SCRIPTLET] ==> Creating gzip-compressed initcpio image: /boot/initramfs-linux.img
[2015-12-05 18:49] [ALPM-SCRIPTLET] ==> Image generation successful
[2015-12-05 18:49] [ALPM-SCRIPTLET] ==> Building image from preset: /etc/mkinitcpio.d/linux.preset: 'fallback'
[2015-12-05 18:49] [ALPM-SCRIPTLET]   -> -k /boot/vmlinuz-linux -c /etc/mkinitcpio.conf -g /boot/initramfs-linux-fallback.img -S autodetect
[2015-12-05 18:49] [ALPM-SCRIPTLET] ==> Starting build: 4.2.5-1-ARCH
[2015-12-05 18:49] [ALPM-SCRIPTLET]   -> Running build hook: [base]
[2015-12-05 18:49] [ALPM-SCRIPTLET]   -> Running build hook: [udev]
[2015-12-05 18:49] [ALPM-SCRIPTLET]   -> Running build hook: [modconf]
[2015-12-05 18:49] [ALPM-SCRIPTLET]   -> Running build hook: [block]
[2015-12-05 18:49] [ALPM-SCRIPTLET] ==> WARNING: Possibly missing firmware for module: wd719x
[2015-12-05 18:49] [ALPM-SCRIPTLET] ==> WARNING: Possibly missing firmware for module: aic94xx
[2015-12-05 18:49] [ALPM-SCRIPTLET]   -> Running build hook: [filesystems]
[2015-12-05 18:49] [ALPM-SCRIPTLET]   -> Running build hook: [keyboard]
[2015-12-05 18:49] [ALPM-SCRIPTLET]   -> Running build hook: [fsck]
[2015-12-05 18:49] [ALPM-SCRIPTLET] ==> Generating module dependencies
[2015-12-05 18:49] [ALPM-SCRIPTLET] ==> Creating gzip-compressed initcpio image: /boot/initramfs-linux-fallback.img
[2015-12-05 18:49] [ALPM-SCRIPTLET] ==> Image generation successful
[2015-12-05 18:49] [ALPM] reinstalled logrotate (3.9.1-1)
[2015-12-05 18:49] [ALPM] reinstalled lvm2 (2.02.136-1)
[2015-12-05 18:49] [ALPM] reinstalled man-db (2.7.5-1)
[2015-12-05 18:49] [ALPM] reinstalled man-pages (4.02-1)
[2015-12-05 18:49] [ALPM] reinstalled mdadm (3.3.4-1)
[2015-12-05 18:49] [ALPM] reinstalled nano (2.4.3-1)
[2015-12-05 18:49] [ALPM] reinstalled netctl (1.11-1)
[2015-12-05 18:49] [ALPM] reinstalled pacman (4.2.1-4)
[2015-12-05 18:49] [ALPM] reinstalled pciutils (3.3.1-1)
[2015-12-05 18:49] [ALPM] reinstalled pcmciautils (018-7)
[2015-12-05 18:49] [ALPM] reinstalled procps-ng (3.3.11-2)
[2015-12-05 18:49] [ALPM] reinstalled psmisc (22.21-3)
[2015-12-05 18:49] [ALPM] reinstalled reiserfsprogs (3.6.24-1)
[2015-12-05 18:49] [ALPM] reinstalled s-nail (14.8.5-1)
[2015-12-05 18:49] [ALPM] reinstalled sed (4.2.2-3)
[2015-12-05 18:49] [ALPM] reinstalled systemd-sysvcompat (228-3)
[2015-12-05 18:49] [ALPM] reinstalled tar (1.28-1)
[2015-12-05 18:49] [ALPM] reinstalled usbutils (008-1)
[2015-12-05 18:49] [ALPM] reinstalled vi (1:070224-2)
[2015-12-05 18:49] [ALPM] reinstalled which (2.21-1)
[2015-12-05 18:49] [ALPM] reinstalled xfsprogs (4.2.0-1)
[2015-12-05 18:49] [ALPM] reinstalled syslinux (6.03-3)
[2015-12-05 18:49] [ALPM-SCRIPTLET] 
[2015-12-05 18:49] [ALPM-SCRIPTLET] ==> For setting up Syslinux BIOS using the syslinux-install_update script follow
[2015-12-05 18:49] [ALPM-SCRIPTLET]     https://wiki.archlinux.org/index.php/Syslinux#Automatic_Install
[2015-12-05 18:49] [ALPM-SCRIPTLET] 
[2015-12-05 18:49] [ALPM-SCRIPTLET] ==> For setting up Syslinux EFI follow
[2015-12-05 18:49] [ALPM-SCRIPTLET]     https://wiki.archlinux.org/index.php/Syslinux#UEFI_Systems
[2015-12-05 18:49] [ALPM-SCRIPTLET] 
[2015-12-05 18:49] [ALPM-SCRIPTLET] ==> The syslinux-install_update script does not currently support EFI install
[2015-12-05 18:49] [ALPM-SCRIPTLET] 
[2015-12-05 18:49] [ALPM] transaction completed
[2015-12-05 18:49] [PACMAN] Running 'pacman -r work/x86_64/airootfs -Sy --noconfirm --config=work/pacman.conf haveged intel-ucode memtest86+ mkinitcpio-nfs-utils nbd zsh'
[2015-12-05 18:49] [PACMAN] synchronizing package lists
[2015-12-05 18:49] [ALPM] transaction started
[2015-12-05 18:49] [ALPM] reinstalled haveged (1.9.1-2)
[2015-12-05 18:49] [ALPM] reinstalled intel-ucode (20150121-1)
[2015-12-05 18:49] [ALPM] reinstalled memtest86+ (5.01-1)
[2015-12-05 18:49] [ALPM] reinstalled mkinitcpio-nfs-utils (0.3-5)
[2015-12-05 18:49] [ALPM] reinstalled nbd (3.12.1-1)
[2015-12-05 18:49] [ALPM] reinstalled zsh (5.2-1)
[2015-12-05 18:49] [ALPM] transaction completed
[2015-12-05 18:49] [PACMAN] Running 'pacman -r work/x86_64/airootfs -Sy --noconfirm --config=work/pacman.conf arch-install-scripts b43-fwcutter btrfs-progs clonezilla crda darkhttpd ddrescue dhclient dialog dmraid dnsmasq dnsutils dosfstools elinks ethtool f2fs-tools fsarchiver gnu-netcat gpm gptfdisk grml-zsh-config grub hdparm ipw2100-fw ipw2200-fw irssi lftp linux-atm mc mtools nfs-utils nilfs-utils nmap ntfs-3g ntp openconnect openssh openvpn partclone parted partimage ppp pptpclient refind-efi rfkill rp-pppoe rsync smartmontools speedtouch sudo tcpdump testdisk usb_modeswitch vim-minimal vpnc wget wireless_tools wpa_actiond wvdial xl2tpd zd1211-firmware xorg-server xorg-xinit xorg-server-utils xf86-video-vesa alsa-utils lxde lxdm chromium dhcpcd wget gparted virtualbox-guest-utils ttf-dejavu'
[2015-12-05 18:49] [PACMAN] synchronizing package lists
[2015-12-05 18:49] [ALPM] transaction started
[2015-12-05 18:49] [ALPM] reinstalled arch-install-scripts (15-1)
[2015-12-05 18:49] [ALPM] reinstalled b43-fwcutter (019-1)
[2015-12-05 18:49] [ALPM] reinstalled btrfs-progs (4.3.1-1)
[2015-12-05 18:49] [ALPM] reinstalled ntfs-3g (2015.3.14-1)
[2015-12-05 18:49] [ALPM] reinstalled partclone (0.2.80-2)
[2015-12-05 18:49] [ALPM] reinstalled gpm (1.20.7-6)
[2015-12-05 18:49] [ALPM] reinstalled partimage (0.6.9-7)
[2015-12-05 18:49] [ALPM] reinstalled parted (3.2-3)
[2015-12-05 18:49] [ALPM] reinstalled gptfdisk (1.0.1-1)
[2015-12-05 18:49] [ALPM] reinstalled dosfstools (3.0.28-1)
[2015-12-05 18:49] [ALPM] reinstalled openssh (7.1p1-1)
[2015-12-05 18:49] [ALPM] reinstalled clonezilla (3.10.11-5)
[2015-12-05 18:49] [ALPM] reinstalled crda (3.18-1)
[2015-12-05 18:49] [ALPM] reinstalled darkhttpd (1.11-3)
[2015-12-05 18:49] [ALPM] reinstalled ddrescue (1.20-1)
[2015-12-05 18:49] [ALPM] reinstalled dhclient (4.3.3-2)
[2015-12-05 18:49] [ALPM] reinstalled dialog (1:1.2_20150920-1)
[2015-12-05 18:49] [ALPM] reinstalled dmraid (1.0.0.rc16.3-10)
[2015-12-05 18:49] [ALPM] reinstalled dnsmasq (2.75-1)
[2015-12-05 18:49] [ALPM] reinstalled bind-tools (9.10.3-2)
[2015-12-05 18:49] [ALPM] reinstalled elinks (0.13-15)
[2015-12-05 18:49] [ALPM] reinstalled ethtool (1:4.0-1)
[2015-12-05 18:49] [ALPM] reinstalled f2fs-tools (1.4.1-1)
[2015-12-05 18:49] [ALPM] reinstalled fsarchiver (0.6.19-1)
[2015-12-05 18:49] [ALPM] reinstalled gnu-netcat (0.7.1-5)
[2015-12-05 18:49] [ALPM] reinstalled grml-zsh-config (0.12.4-1)
[2015-12-05 18:49] [ALPM] reinstalled grub (1:2.02.beta2-5)
[2015-12-05 18:49] [ALPM] reinstalled hdparm (9.48-1)
[2015-12-05 18:49] [ALPM] reinstalled ipw2100-fw (1.3-7)
[2015-12-05 18:49] [ALPM] reinstalled ipw2200-fw (3.1-5)
[2015-12-05 18:49] [ALPM] reinstalled irssi (0.8.17-3)
[2015-12-05 18:49] [ALPM] reinstalled lftp (4.6.4-2)
[2015-12-05 18:49] [ALPM] reinstalled linux-atm (2.5.2-4)
[2015-12-05 18:49] [ALPM] reinstalled mc (4.8.15-1)
[2015-12-05 18:49] [ALPM] reinstalled mtools (4.0.18-2)
[2015-12-05 18:49] [ALPM] reinstalled nfs-utils (1.3.3-3)
[2015-12-05 18:49] [ALPM] reinstalled nilfs-utils (2.2.3-1)
[2015-12-05 18:49] [ALPM] reinstalled nmap (7.00-1)
[2015-12-05 18:49] [ALPM] reinstalled ntp (4.2.8.p4-1)
[2015-12-05 18:49] [ALPM] reinstalled vpnc (0.5.3.svn550-1)
[2015-12-05 18:49] [ALPM] reinstalled openconnect (1:7.06-2)
[2015-12-05 18:49] [ALPM] reinstalled openvpn (2.3.8-2)
[2015-12-05 18:49] [ALPM] reinstalled ppp (2.4.7-2)
[2015-12-05 18:49] [ALPM] reinstalled pptpclient (1.8.0-2)
[2015-12-05 18:49] [ALPM] reinstalled refind-efi (0.9.2-1)
[2015-12-05 18:49] [ALPM-SCRIPTLET] 
[2015-12-05 18:49] [ALPM-SCRIPTLET] rEFInd UEFI application has been installed at /usr/share/refind/refind_*.efi
[2015-12-05 18:49] [ALPM-SCRIPTLET] 
[2015-12-05 18:49] [ALPM-SCRIPTLET] Other UEFI applications have been installed at /usr/share/refind/tools_*/
[2015-12-05 18:49] [ALPM-SCRIPTLET] 
[2015-12-05 18:49] [ALPM-SCRIPTLET] UEFI drivers have been installed at /usr/share/refind/drivers_*/
[2015-12-05 18:49] [ALPM-SCRIPTLET] 
[2015-12-05 18:49] [ALPM-SCRIPTLET] Copy the efi application (according to your UEFI ARCH) 
[2015-12-05 18:49] [ALPM-SCRIPTLET] and /usr/share/refind/refind.conf-sample to a sub-directory of <EFISYS>/EFI/
[2015-12-05 18:49] [ALPM-SCRIPTLET] as refind.conf and add an entry to firmware boot menu using efibootmgr
[2015-12-05 18:49] [ALPM-SCRIPTLET] or mactel-boot (for Macs)
[2015-12-05 18:49] [ALPM-SCRIPTLET] 
[2015-12-05 18:49] [ALPM-SCRIPTLET] rEFInd Icons have been installed at /usr/share/refind/icons/
[2015-12-05 18:49] [ALPM-SCRIPTLET] rEFInd Fonts have been installed at /usr/share/refind/fonts/
[2015-12-05 18:49] [ALPM-SCRIPTLET] 
[2015-12-05 18:49] [ALPM-SCRIPTLET] HTML Documentation is available at /usr/share/refind/docs/html/
[2015-12-05 18:49] [ALPM-SCRIPTLET] 
[2015-12-05 18:49] [ALPM-SCRIPTLET] More info: https://wiki.archlinux.org/index.php/rEFInd 
[2015-12-05 18:49] [ALPM-SCRIPTLET] 
[2015-12-05 18:49] [ALPM] reinstalled rfkill (0.5-1)
[2015-12-05 18:49] [ALPM] reinstalled rp-pppoe (3.11-7)
[2015-12-05 18:49] [ALPM-SCRIPTLET] >>> The kernel-mode plugin has a new place.
[2015-12-05 18:49] [ALPM-SCRIPTLET] >>> It's now located under /usr/lib/rp-pppoe/rp-pppoe.so
[2015-12-05 18:49] [ALPM-SCRIPTLET] >>> Change LINUX_PLUGIN to the new path in your /etc/ppp/pppoe.conf
[2015-12-05 18:49] [ALPM] reinstalled rsync (3.1.1-4)
[2015-12-05 18:49] [ALPM] reinstalled smartmontools (6.4-1)
[2015-12-05 18:49] [ALPM] reinstalled speedtouch (1.3.1-5)
[2015-12-05 18:49] [ALPM] reinstalled sudo (1.8.15-1)
[2015-12-05 18:49] [ALPM] reinstalled tcpdump (4.7.4-1)
[2015-12-05 18:49] [ALPM] reinstalled testdisk (7.0-2)
[2015-12-05 18:49] [ALPM] reinstalled usb_modeswitch (2.2.6-1)
[2015-12-05 18:49] [ALPM] reinstalled vim-minimal (7.4.944-1)
[2015-12-05 18:49] [ALPM] reinstalled wget (1.16.3-1)
[2015-12-05 18:49] [ALPM] reinstalled wireless_tools (30.pre9-1)
[2015-12-05 18:49] [ALPM] reinstalled wpa_actiond (1.4-2)
[2015-12-05 18:49] [ALPM] reinstalled wvdial (1.61-5)
[2015-12-05 18:49] [ALPM] reinstalled xl2tpd (1.3.6-1)
[2015-12-05 18:49] [ALPM] reinstalled zd1211-firmware (1.5-1)
[2015-12-05 18:49] [ALPM] reinstalled xorg-server (1.18.0-3)
[2015-12-05 18:49] [ALPM] reinstalled xorg-xinit (1.3.4-3)
[2015-12-05 18:49] [ALPM] reinstalled xorg-server-utils (7.6-4)
[2015-12-05 18:49] [ALPM] reinstalled xf86-video-vesa (2.3.4-2)
[2015-12-05 18:49] [ALPM] reinstalled alsa-utils (1.1.0-1)
[2015-12-05 18:49] [ALPM] reinstalled gpicview (0.2.4-1)
[2015-12-05 18:49] [ALPM] reinstalled lxappearance (0.6.1-1)
[2015-12-05 18:49] [ALPM] reinstalled openbox (3.6.1-1)
[2015-12-05 18:49] [ALPM] reinstalled lxappearance-obconf (0.2.2-3)
[2015-12-05 18:49] [ALPM] reinstalled lxsession (1:0.5.2-1)
[2015-12-05 18:49] [ALPM] reinstalled lxde-common (0.99.0-3)
[2015-12-05 18:49] [ALPM] reinstalled lxde-icon-theme (0.5.1-1)
[2015-12-05 18:49] [ALPM] reinstalled lxdm (0.5.2-2)
[2015-12-05 18:49] [ALPM] reinstalled lxinput (0.3.4-1)
[2015-12-05 18:49] [ALPM] reinstalled lxmenu-data (0.1.4-1)
[2015-12-05 18:49] [ALPM] reinstalled lxlauncher (0.2.4-1)
[2015-12-05 18:49] [ALPM] reinstalled lxmusic (0.4.6-2)
[2015-12-05 18:49] [ALPM] reinstalled lxpanel (0.8.1-1)
[2015-12-05 18:49] [ALPM] reinstalled lxrandr (0.3.0-1)
[2015-12-05 18:49] [ALPM] reinstalled lxtask (0.1.6-1)
[2015-12-05 18:49] [ALPM] reinstalled lxterminal (0.2.0-1)
[2015-12-05 18:49] [ALPM] reinstalled pcmanfm (1.2.3-1)
[2015-12-05 18:49] [ALPM] reinstalled ttf-dejavu (2.34-2)
[2015-12-05 18:49] [ALPM] reinstalled chromium (47.0.2526.73-1)
[2015-12-05 18:49] [ALPM] reinstalled dhcpcd (6.9.4-1)
[2015-12-05 18:49] [ALPM] reinstalled gparted (0.23.0-1)
[2015-12-05 18:49] [ALPM] reinstalled virtualbox-guest-utils (5.0.10-1)
[2015-12-05 18:49] [ALPM] transaction completed
[2015-12-05 18:49] [PACMAN] Running 'pacman -r work/x86_64/airootfs -Sy --noconfirm --config=work/pacman.conf prebootloader'
[2015-12-05 18:49] [PACMAN] synchronizing package lists
[2015-12-05 18:49] [ALPM] transaction started
[2015-12-05 18:49] [ALPM] reinstalled prebootloader (20130206-2)
[2015-12-05 18:49] [ALPM] transaction completed
[2015-12-05 19:05] [PACMAN] Running 'pacman -r work/x86_64/airootfs -Sy --noconfirm --config=work/pacman.conf base syslinux'
[2015-12-05 19:05] [PACMAN] synchronizing package lists
[2015-12-05 19:05] [ALPM] transaction started
[2015-12-05 19:05] [ALPM] warning: directory permissions differ on /home/lovgren/archlive/work/x86_64/airootfs/root/
filesystem: 700  package: 750
[2015-12-05 19:05] [ALPM] reinstalled filesystem (2015.09-1)
[2015-12-05 19:05] [ALPM] reinstalled glibc (2.22-3)
[2015-12-05 19:05] [ALPM] reinstalled gcc-libs (5.2.0-2)
[2015-12-05 19:05] [ALPM] reinstalled bash (4.3.042-4)
[2015-12-05 19:05] [ALPM] reinstalled bzip2 (1.0.6-5)
[2015-12-05 19:05] [ALPM] reinstalled perl (5.22.0-1)
[2015-12-05 19:05] [ALPM] reinstalled coreutils (8.24-1)
[2015-12-05 19:05] [ALPM] reinstalled e2fsprogs (1.42.13-1)
[2015-12-05 19:05] [ALPM] reinstalled shadow (4.2.1-3)
[2015-12-05 19:05] [ALPM] reinstalled util-linux (2.27.1-1)
[2015-12-05 19:05] [ALPM] reinstalled findutils (4.4.2-6)
[2015-12-05 19:05] [ALPM] reinstalled less (481-2)
[2015-12-05 19:05] [ALPM] reinstalled gzip (1.6-1)
[2015-12-05 19:05] [ALPM] reinstalled texinfo (6.0-1)
[2015-12-05 19:05] [ALPM] reinstalled device-mapper (2.02.136-1)
[2015-12-05 19:05] [ALPM] reinstalled cryptsetup (1.7.0-1)
[2015-12-05 19:05] [ALPM] reinstalled dhcpcd (6.9.4-1)
[2015-12-05 19:05] [ALPM] reinstalled diffutils (3.3-2)
[2015-12-05 19:05] [ALPM] reinstalled file (5.25-1)
[2015-12-05 19:05] [ALPM] reinstalled gawk (4.1.3-1)
[2015-12-05 19:05] [ALPM] reinstalled gettext (0.19.6-1)
[2015-12-05 19:05] [ALPM] reinstalled grep (2.22-1)
[2015-12-05 19:05] [ALPM] reinstalled inetutils (1.9.4-2)
[2015-12-05 19:05] [ALPM] reinstalled iproute2 (4.1.1-1)
[2015-12-05 19:05] [ALPM] reinstalled sysfsutils (2.1.0-9)
[2015-12-05 19:05] [ALPM] reinstalled iputils (20140519.fad11dc-1)
[2015-12-05 19:05] [ALPM] reinstalled jfsutils (1.1.15-4)
[2015-12-05 19:05] [ALPM] reinstalled licenses (20140629-1)
[2015-12-05 19:05] [ALPM] reinstalled linux (4.2.5-1)
[2015-12-05 19:05] [ALPM-SCRIPTLET] >>> Updating module dependencies. Please wait ...
[2015-12-05 19:05] [ALPM-SCRIPTLET] >>> Generating initial ramdisk, using mkinitcpio. Please wait...
[2015-12-05 19:05] [ALPM-SCRIPTLET] ==> Building image from preset: /etc/mkinitcpio.d/linux.preset: 'default'
[2015-12-05 19:05] [ALPM-SCRIPTLET]   -> -k /boot/vmlinuz-linux -c /etc/mkinitcpio.conf -g /boot/initramfs-linux.img
[2015-12-05 19:05] [ALPM-SCRIPTLET] ==> Starting build: 4.2.5-1-ARCH
[2015-12-05 19:05] [ALPM-SCRIPTLET]   -> Running build hook: [base]
[2015-12-05 19:05] [ALPM-SCRIPTLET]   -> Running build hook: [udev]
[2015-12-05 19:05] [ALPM-SCRIPTLET]   -> Running build hook: [autodetect]
[2015-12-05 19:05] [ALPM-SCRIPTLET]   -> Running build hook: [modconf]
[2015-12-05 19:05] [ALPM-SCRIPTLET]   -> Running build hook: [block]
[2015-12-05 19:05] [ALPM-SCRIPTLET]   -> Running build hook: [filesystems]
[2015-12-05 19:05] [ALPM-SCRIPTLET]   -> Running build hook: [keyboard]
[2015-12-05 19:05] [ALPM-SCRIPTLET]   -> Running build hook: [fsck]
[2015-12-05 19:05] [ALPM-SCRIPTLET] ==> Generating module dependencies
[2015-12-05 19:05] [ALPM-SCRIPTLET] ==> Creating gzip-compressed initcpio image: /boot/initramfs-linux.img
[2015-12-05 19:05] [ALPM-SCRIPTLET] ==> Image generation successful
[2015-12-05 19:05] [ALPM-SCRIPTLET] ==> Building image from preset: /etc/mkinitcpio.d/linux.preset: 'fallback'
[2015-12-05 19:05] [ALPM-SCRIPTLET]   -> -k /boot/vmlinuz-linux -c /etc/mkinitcpio.conf -g /boot/initramfs-linux-fallback.img -S autodetect
[2015-12-05 19:05] [ALPM-SCRIPTLET] ==> Starting build: 4.2.5-1-ARCH
[2015-12-05 19:05] [ALPM-SCRIPTLET]   -> Running build hook: [base]
[2015-12-05 19:05] [ALPM-SCRIPTLET]   -> Running build hook: [udev]
[2015-12-05 19:05] [ALPM-SCRIPTLET]   -> Running build hook: [modconf]
[2015-12-05 19:05] [ALPM-SCRIPTLET]   -> Running build hook: [block]
[2015-12-05 19:05] [ALPM-SCRIPTLET] ==> WARNING: Possibly missing firmware for module: wd719x
[2015-12-05 19:05] [ALPM-SCRIPTLET] ==> WARNING: Possibly missing firmware for module: aic94xx
[2015-12-05 19:05] [ALPM-SCRIPTLET]   -> Running build hook: [filesystems]
[2015-12-05 19:05] [ALPM-SCRIPTLET]   -> Running build hook: [keyboard]
[2015-12-05 19:05] [ALPM-SCRIPTLET]   -> Running build hook: [fsck]
[2015-12-05 19:05] [ALPM-SCRIPTLET] ==> Generating module dependencies
[2015-12-05 19:05] [ALPM-SCRIPTLET] ==> Creating gzip-compressed initcpio image: /boot/initramfs-linux-fallback.img
[2015-12-05 19:05] [ALPM-SCRIPTLET] ==> Image generation successful
[2015-12-05 19:05] [ALPM] reinstalled logrotate (3.9.1-1)
[2015-12-05 19:05] [ALPM] reinstalled lvm2 (2.02.136-1)
[2015-12-05 19:05] [ALPM] reinstalled man-db (2.7.5-1)
[2015-12-05 19:05] [ALPM] reinstalled man-pages (4.02-1)
[2015-12-05 19:05] [ALPM] reinstalled mdadm (3.3.4-1)
[2015-12-05 19:05] [ALPM] reinstalled nano (2.4.3-1)
[2015-12-05 19:05] [ALPM] reinstalled netctl (1.11-1)
[2015-12-05 19:05] [ALPM] reinstalled pacman (4.2.1-4)
[2015-12-05 19:05] [ALPM] reinstalled pciutils (3.3.1-1)
[2015-12-05 19:05] [ALPM] reinstalled pcmciautils (018-7)
[2015-12-05 19:05] [ALPM] reinstalled procps-ng (3.3.11-2)
[2015-12-05 19:05] [ALPM] reinstalled psmisc (22.21-3)
[2015-12-05 19:05] [ALPM] reinstalled reiserfsprogs (3.6.24-1)
[2015-12-05 19:05] [ALPM] reinstalled s-nail (14.8.5-1)
[2015-12-05 19:05] [ALPM] reinstalled sed (4.2.2-3)
[2015-12-05 19:05] [ALPM] reinstalled systemd-sysvcompat (228-3)
[2015-12-05 19:05] [ALPM] reinstalled tar (1.28-1)
[2015-12-05 19:05] [ALPM] reinstalled usbutils (008-1)
[2015-12-05 19:05] [ALPM] reinstalled vi (1:070224-2)
[2015-12-05 19:05] [ALPM] reinstalled which (2.21-1)
[2015-12-05 19:05] [ALPM] reinstalled xfsprogs (4.2.0-1)
[2015-12-05 19:05] [ALPM] reinstalled syslinux (6.03-3)
[2015-12-05 19:05] [ALPM-SCRIPTLET] 
[2015-12-05 19:05] [ALPM-SCRIPTLET] ==> For setting up Syslinux BIOS using the syslinux-install_update script follow
[2015-12-05 19:05] [ALPM-SCRIPTLET]     https://wiki.archlinux.org/index.php/Syslinux#Automatic_Install
[2015-12-05 19:05] [ALPM-SCRIPTLET] 
[2015-12-05 19:05] [ALPM-SCRIPTLET] ==> For setting up Syslinux EFI follow
[2015-12-05 19:05] [ALPM-SCRIPTLET]     https://wiki.archlinux.org/index.php/Syslinux#UEFI_Systems
[2015-12-05 19:05] [ALPM-SCRIPTLET] 
[2015-12-05 19:05] [ALPM-SCRIPTLET] ==> The syslinux-install_update script does not currently support EFI install
[2015-12-05 19:05] [ALPM-SCRIPTLET] 
[2015-12-05 19:05] [ALPM] transaction completed
[2015-12-05 19:05] [PACMAN] Running 'pacman -r work/x86_64/airootfs -Sy --noconfirm --config=work/pacman.conf haveged intel-ucode memtest86+ mkinitcpio-nfs-utils nbd zsh'
[2015-12-05 19:05] [PACMAN] synchronizing package lists
[2015-12-05 19:05] [ALPM] transaction started
[2015-12-05 19:05] [ALPM] reinstalled haveged (1.9.1-2)
[2015-12-05 19:05] [ALPM] reinstalled intel-ucode (20150121-1)
[2015-12-05 19:05] [ALPM] reinstalled memtest86+ (5.01-1)
[2015-12-05 19:05] [ALPM] reinstalled mkinitcpio-nfs-utils (0.3-5)
[2015-12-05 19:05] [ALPM] reinstalled nbd (3.12.1-1)
[2015-12-05 19:05] [ALPM] reinstalled zsh (5.2-1)
[2015-12-05 19:05] [ALPM] transaction completed
[2015-12-05 19:05] [PACMAN] Running 'pacman -r work/x86_64/airootfs -Sy --noconfirm --config=work/pacman.conf arch-install-scripts b43-fwcutter btrfs-progs clonezilla crda darkhttpd ddrescue dhclient dialog dmraid dnsmasq dnsutils dosfstools elinks ethtool f2fs-tools fsarchiver gnu-netcat gpm gptfdisk grml-zsh-config grub hdparm ipw2100-fw ipw2200-fw irssi lftp linux-atm mc mtools nfs-utils nilfs-utils nmap ntfs-3g ntp openconnect openssh openvpn partclone parted partimage ppp pptpclient refind-efi rfkill rp-pppoe rsync smartmontools speedtouch sudo tcpdump testdisk usb_modeswitch vim-minimal vpnc wget wireless_tools wpa_actiond wvdial xl2tpd zd1211-firmware xorg-server xorg-xinit xorg-server-utils xf86-video-vesa alsa-utils lxde lxdm chromium dhcpcd wget gparted virtualbox-guest-utils ttf-dejavu'
[2015-12-05 19:05] [PACMAN] synchronizing package lists
[2015-12-05 19:05] [ALPM] transaction started
[2015-12-05 19:05] [ALPM] reinstalled arch-install-scripts (15-1)
[2015-12-05 19:05] [ALPM] reinstalled b43-fwcutter (019-1)
[2015-12-05 19:05] [ALPM] reinstalled btrfs-progs (4.3.1-1)
[2015-12-05 19:05] [ALPM] reinstalled ntfs-3g (2015.3.14-1)
[2015-12-05 19:05] [ALPM] reinstalled partclone (0.2.80-2)
[2015-12-05 19:05] [ALPM] reinstalled gpm (1.20.7-6)
[2015-12-05 19:05] [ALPM] reinstalled partimage (0.6.9-7)
[2015-12-05 19:05] [ALPM] reinstalled parted (3.2-3)
[2015-12-05 19:05] [ALPM] reinstalled gptfdisk (1.0.1-1)
[2015-12-05 19:05] [ALPM] reinstalled dosfstools (3.0.28-1)
[2015-12-05 19:05] [ALPM] reinstalled openssh (7.1p1-1)
[2015-12-05 19:05] [ALPM] reinstalled clonezilla (3.10.11-5)
[2015-12-05 19:05] [ALPM] reinstalled crda (3.18-1)
[2015-12-05 19:05] [ALPM] reinstalled darkhttpd (1.11-3)
[2015-12-05 19:05] [ALPM] reinstalled ddrescue (1.20-1)
[2015-12-05 19:05] [ALPM] reinstalled dhclient (4.3.3-2)
[2015-12-05 19:05] [ALPM] reinstalled dialog (1:1.2_20150920-1)
[2015-12-05 19:05] [ALPM] reinstalled dmraid (1.0.0.rc16.3-10)
[2015-12-05 19:05] [ALPM] reinstalled dnsmasq (2.75-1)
[2015-12-05 19:05] [ALPM] reinstalled bind-tools (9.10.3-2)
[2015-12-05 19:05] [ALPM] reinstalled elinks (0.13-15)
[2015-12-05 19:05] [ALPM] reinstalled ethtool (1:4.0-1)
[2015-12-05 19:05] [ALPM] reinstalled f2fs-tools (1.4.1-1)
[2015-12-05 19:05] [ALPM] reinstalled fsarchiver (0.6.19-1)
[2015-12-05 19:05] [ALPM] reinstalled gnu-netcat (0.7.1-5)
[2015-12-05 19:05] [ALPM] reinstalled grml-zsh-config (0.12.4-1)
[2015-12-05 19:05] [ALPM] reinstalled grub (1:2.02.beta2-5)
[2015-12-05 19:05] [ALPM] reinstalled hdparm (9.48-1)
[2015-12-05 19:05] [ALPM] reinstalled ipw2100-fw (1.3-7)
[2015-12-05 19:05] [ALPM] reinstalled ipw2200-fw (3.1-5)
[2015-12-05 19:05] [ALPM] reinstalled irssi (0.8.17-3)
[2015-12-05 19:05] [ALPM] reinstalled lftp (4.6.4-2)
[2015-12-05 19:05] [ALPM] reinstalled linux-atm (2.5.2-4)
[2015-12-05 19:05] [ALPM] reinstalled mc (4.8.15-1)
[2015-12-05 19:05] [ALPM] reinstalled mtools (4.0.18-2)
[2015-12-05 19:05] [ALPM] reinstalled nfs-utils (1.3.3-3)
[2015-12-05 19:05] [ALPM] reinstalled nilfs-utils (2.2.3-1)
[2015-12-05 19:05] [ALPM] reinstalled nmap (7.00-1)
[2015-12-05 19:05] [ALPM] reinstalled ntp (4.2.8.p4-1)
[2015-12-05 19:05] [ALPM] reinstalled vpnc (0.5.3.svn550-1)
[2015-12-05 19:05] [ALPM] reinstalled openconnect (1:7.06-2)
[2015-12-05 19:05] [ALPM] reinstalled openvpn (2.3.8-2)
[2015-12-05 19:05] [ALPM] reinstalled ppp (2.4.7-2)
[2015-12-05 19:05] [ALPM] reinstalled pptpclient (1.8.0-2)
[2015-12-05 19:05] [ALPM] reinstalled refind-efi (0.9.2-1)
[2015-12-05 19:05] [ALPM-SCRIPTLET] 
[2015-12-05 19:05] [ALPM-SCRIPTLET] rEFInd UEFI application has been installed at /usr/share/refind/refind_*.efi
[2015-12-05 19:05] [ALPM-SCRIPTLET] 
[2015-12-05 19:05] [ALPM-SCRIPTLET] Other UEFI applications have been installed at /usr/share/refind/tools_*/
[2015-12-05 19:05] [ALPM-SCRIPTLET] 
[2015-12-05 19:05] [ALPM-SCRIPTLET] UEFI drivers have been installed at /usr/share/refind/drivers_*/
[2015-12-05 19:05] [ALPM-SCRIPTLET] 
[2015-12-05 19:05] [ALPM-SCRIPTLET] Copy the efi application (according to your UEFI ARCH) 
[2015-12-05 19:05] [ALPM-SCRIPTLET] and /usr/share/refind/refind.conf-sample to a sub-directory of <EFISYS>/EFI/
[2015-12-05 19:05] [ALPM-SCRIPTLET] as refind.conf and add an entry to firmware boot menu using efibootmgr
[2015-12-05 19:05] [ALPM-SCRIPTLET] or mactel-boot (for Macs)
[2015-12-05 19:05] [ALPM-SCRIPTLET] 
[2015-12-05 19:05] [ALPM-SCRIPTLET] rEFInd Icons have been installed at /usr/share/refind/icons/
[2015-12-05 19:05] [ALPM-SCRIPTLET] rEFInd Fonts have been installed at /usr/share/refind/fonts/
[2015-12-05 19:05] [ALPM-SCRIPTLET] 
[2015-12-05 19:05] [ALPM-SCRIPTLET] HTML Documentation is available at /usr/share/refind/docs/html/
[2015-12-05 19:05] [ALPM-SCRIPTLET] 
[2015-12-05 19:05] [ALPM-SCRIPTLET] More info: https://wiki.archlinux.org/index.php/rEFInd 
[2015-12-05 19:05] [ALPM-SCRIPTLET] 
[2015-12-05 19:05] [ALPM] reinstalled rfkill (0.5-1)
[2015-12-05 19:05] [ALPM] reinstalled rp-pppoe (3.11-7)
[2015-12-05 19:05] [ALPM-SCRIPTLET] >>> The kernel-mode plugin has a new place.
[2015-12-05 19:05] [ALPM-SCRIPTLET] >>> It's now located under /usr/lib/rp-pppoe/rp-pppoe.so
[2015-12-05 19:05] [ALPM-SCRIPTLET] >>> Change LINUX_PLUGIN to the new path in your /etc/ppp/pppoe.conf
[2015-12-05 19:05] [ALPM] reinstalled rsync (3.1.1-4)
[2015-12-05 19:05] [ALPM] reinstalled smartmontools (6.4-1)
[2015-12-05 19:05] [ALPM] reinstalled speedtouch (1.3.1-5)
[2015-12-05 19:05] [ALPM] reinstalled sudo (1.8.15-1)
[2015-12-05 19:05] [ALPM] reinstalled tcpdump (4.7.4-1)
[2015-12-05 19:05] [ALPM] reinstalled testdisk (7.0-2)
[2015-12-05 19:05] [ALPM] reinstalled usb_modeswitch (2.2.6-1)
[2015-12-05 19:05] [ALPM] reinstalled vim-minimal (7.4.944-1)
[2015-12-05 19:05] [ALPM] reinstalled wget (1.16.3-1)
[2015-12-05 19:05] [ALPM] reinstalled wireless_tools (30.pre9-1)
[2015-12-05 19:05] [ALPM] reinstalled wpa_actiond (1.4-2)
[2015-12-05 19:05] [ALPM] reinstalled wvdial (1.61-5)
[2015-12-05 19:05] [ALPM] reinstalled xl2tpd (1.3.6-1)
[2015-12-05 19:05] [ALPM] reinstalled zd1211-firmware (1.5-1)
[2015-12-05 19:05] [ALPM] reinstalled xorg-server (1.18.0-3)
[2015-12-05 19:05] [ALPM] reinstalled xorg-xinit (1.3.4-3)
[2015-12-05 19:05] [ALPM] reinstalled xorg-server-utils (7.6-4)
[2015-12-05 19:05] [ALPM] reinstalled xf86-video-vesa (2.3.4-2)
[2015-12-05 19:05] [ALPM] reinstalled alsa-utils (1.1.0-1)
[2015-12-05 19:05] [ALPM] reinstalled gpicview (0.2.4-1)
[2015-12-05 19:05] [ALPM] reinstalled lxappearance (0.6.1-1)
[2015-12-05 19:05] [ALPM] reinstalled openbox (3.6.1-1)
[2015-12-05 19:05] [ALPM] reinstalled lxappearance-obconf (0.2.2-3)
[2015-12-05 19:05] [ALPM] reinstalled lxsession (1:0.5.2-1)
[2015-12-05 19:05] [ALPM] reinstalled lxde-common (0.99.0-3)
[2015-12-05 19:05] [ALPM] reinstalled lxde-icon-theme (0.5.1-1)
[2015-12-05 19:05] [ALPM] reinstalled lxdm (0.5.2-2)
[2015-12-05 19:05] [ALPM] reinstalled lxinput (0.3.4-1)
[2015-12-05 19:05] [ALPM] reinstalled lxmenu-data (0.1.4-1)
[2015-12-05 19:05] [ALPM] reinstalled lxlauncher (0.2.4-1)
[2015-12-05 19:05] [ALPM] reinstalled lxmusic (0.4.6-2)
[2015-12-05 19:05] [ALPM] reinstalled lxpanel (0.8.1-1)
[2015-12-05 19:05] [ALPM] reinstalled lxrandr (0.3.0-1)
[2015-12-05 19:05] [ALPM] reinstalled lxtask (0.1.6-1)
[2015-12-05 19:05] [ALPM] reinstalled lxterminal (0.2.0-1)
[2015-12-05 19:05] [ALPM] reinstalled pcmanfm (1.2.3-1)
[2015-12-05 19:05] [ALPM] reinstalled ttf-dejavu (2.34-2)
[2015-12-05 19:05] [ALPM] reinstalled chromium (47.0.2526.73-1)
[2015-12-05 19:05] [ALPM] reinstalled dhcpcd (6.9.4-1)
[2015-12-05 19:05] [ALPM] reinstalled gparted (0.23.0-1)
[2015-12-05 19:05] [ALPM] reinstalled virtualbox-guest-utils (5.0.10-1)
[2015-12-05 19:05] [ALPM] transaction completed
[2015-12-05 19:05] [PACMAN] Running 'pacman -r work/x86_64/airootfs -Sy --noconfirm --config=work/pacman.conf prebootloader'
[2015-12-05 19:05] [PACMAN] synchronizing package lists
[2015-12-05 19:05] [ALPM] transaction started
[2015-12-05 19:05] [ALPM] reinstalled prebootloader (20130206-2)
[2015-12-05 19:05] [ALPM] transaction completed
